{"/Users/ericchien/Desktop/2025 Spring/539 Software Development Methodology/URLShortener/frontend/postcss.config.js": {"path":"/Users/ericchien/Desktop/2025 Spring/539 Software Development Methodology/URLShortener/frontend/postcss.config.js","all":true,"statementMap":{"0":{"start":{"line":1,"column":0},"end":{"line":1,"column":16}},"1":{"start":{"line":2,"column":0},"end":{"line":2,"column":12}},"2":{"start":{"line":3,"column":0},"end":{"line":3,"column":20}},"3":{"start":{"line":4,"column":0},"end":{"line":4,"column":21}},"4":{"start":{"line":5,"column":0},"end":{"line":5,"column":4}},"5":{"start":{"line":6,"column":0},"end":{"line":6,"column":1}}},"s":{"0":0,"1":0,"2":0,"3":0,"4":0,"5":0},"branchMap":{"0":{"type":"branch","line":1,"loc":{"start":{"line":1,"column":0},"end":{"line":6,"column":-11}},"locations":[{"start":{"line":1,"column":0},"end":{"line":6,"column":-11}}]}},"b":{"0":[0]},"fnMap":{"0":{"name":"(empty-report)","decl":{"start":{"line":1,"column":0},"end":{"line":6,"column":-11}},"loc":{"start":{"line":1,"column":0},"end":{"line":6,"column":-11}},"line":1}},"f":{"0":0}}
,"/Users/ericchien/Desktop/2025 Spring/539 Software Development Methodology/URLShortener/frontend/tailwind.config.js": {"path":"/Users/ericchien/Desktop/2025 Spring/539 Software Development Methodology/URLShortener/frontend/tailwind.config.js","all":true,"statementMap":{"0":{"start":{"line":1,"column":0},"end":{"line":1,"column":43}},"1":{"start":{"line":2,"column":0},"end":{"line":2,"column":16}},"2":{"start":{"line":3,"column":0},"end":{"line":3,"column":22}},"3":{"start":{"line":4,"column":0},"end":{"line":4,"column":12}},"4":{"start":{"line":5,"column":0},"end":{"line":5,"column":28}},"5":{"start":{"line":6,"column":0},"end":{"line":6,"column":33}},"6":{"start":{"line":7,"column":0},"end":{"line":7,"column":26}},"7":{"start":{"line":8,"column":0},"end":{"line":8,"column":26}},"8":{"start":{"line":9,"column":0},"end":{"line":9,"column":4}},"9":{"start":{"line":10,"column":0},"end":{"line":10,"column":13}},"10":{"start":{"line":11,"column":0},"end":{"line":11,"column":10}},"11":{"start":{"line":12,"column":0},"end":{"line":12,"column":14}},"12":{"start":{"line":13,"column":0},"end":{"line":13,"column":34}},"13":{"start":{"line":14,"column":0},"end":{"line":14,"column":47}},"14":{"start":{"line":15,"column":0},"end":{"line":15,"column":28}},"15":{"start":{"line":16,"column":0},"end":{"line":16,"column":36}},"16":{"start":{"line":17,"column":0},"end":{"line":17,"column":37}},"17":{"start":{"line":18,"column":0},"end":{"line":18,"column":39}},"18":{"start":{"line":19,"column":0},"end":{"line":19,"column":6}},"19":{"start":{"line":20,"column":0},"end":{"line":20,"column":16}},"20":{"start":{"line":21,"column":0},"end":{"line":21,"column":19}},"21":{"start":{"line":22,"column":0},"end":{"line":22,"column":22}},"22":{"start":{"line":23,"column":0},"end":{"line":23,"column":16}},"23":{"start":{"line":24,"column":0},"end":{"line":24,"column":20}},"24":{"start":{"line":25,"column":0},"end":{"line":25,"column":20}},"25":{"start":{"line":26,"column":0},"end":{"line":26,"column":20}},"26":{"start":{"line":27,"column":0},"end":{"line":27,"column":21}},"27":{"start":{"line":28,"column":0},"end":{"line":28,"column":21}},"28":{"start":{"line":29,"column":0},"end":{"line":29,"column":24}},"29":{"start":{"line":30,"column":0},"end":{"line":30,"column":8}},"30":{"start":{"line":31,"column":0},"end":{"line":31,"column":6}},"31":{"start":{"line":32,"column":0},"end":{"line":32,"column":13}},"32":{"start":{"line":33,"column":0},"end":{"line":33,"column":15}},"33":{"start":{"line":34,"column":0},"end":{"line":34,"column":37}},"34":{"start":{"line":35,"column":0},"end":{"line":35,"column":35}},"35":{"start":{"line":36,"column":0},"end":{"line":36,"column":33}},"36":{"start":{"line":37,"column":0},"end":{"line":37,"column":45}},"37":{"start":{"line":38,"column":0},"end":{"line":38,"column":45}},"38":{"start":{"line":39,"column":0},"end":{"line":39,"column":18}},"39":{"start":{"line":40,"column":0},"end":{"line":40,"column":41}},"40":{"start":{"line":41,"column":0},"end":{"line":41,"column":55}},"41":{"start":{"line":42,"column":0},"end":{"line":42,"column":10}},"42":{"start":{"line":43,"column":0},"end":{"line":43,"column":20}},"43":{"start":{"line":44,"column":0},"end":{"line":44,"column":43}},"44":{"start":{"line":45,"column":0},"end":{"line":45,"column":57}},"45":{"start":{"line":46,"column":0},"end":{"line":46,"column":10}},"46":{"start":{"line":47,"column":0},"end":{"line":47,"column":22}},"47":{"start":{"line":48,"column":0},"end":{"line":48,"column":45}},"48":{"start":{"line":49,"column":0},"end":{"line":49,"column":59}},"49":{"start":{"line":50,"column":0},"end":{"line":50,"column":10}},"50":{"start":{"line":51,"column":0},"end":{"line":51,"column":16}},"51":{"start":{"line":52,"column":0},"end":{"line":52,"column":39}},"52":{"start":{"line":53,"column":0},"end":{"line":53,"column":53}},"53":{"start":{"line":54,"column":0},"end":{"line":54,"column":10}},"54":{"start":{"line":55,"column":0},"end":{"line":55,"column":17}},"55":{"start":{"line":56,"column":0},"end":{"line":56,"column":40}},"56":{"start":{"line":57,"column":0},"end":{"line":57,"column":54}},"57":{"start":{"line":58,"column":0},"end":{"line":58,"column":10}},"58":{"start":{"line":59,"column":0},"end":{"line":59,"column":18}},"59":{"start":{"line":60,"column":0},"end":{"line":60,"column":41}},"60":{"start":{"line":61,"column":0},"end":{"line":61,"column":55}},"61":{"start":{"line":62,"column":0},"end":{"line":62,"column":10}},"62":{"start":{"line":63,"column":0},"end":{"line":63,"column":15}},"63":{"start":{"line":64,"column":0},"end":{"line":64,"column":38}},"64":{"start":{"line":65,"column":0},"end":{"line":65,"column":52}},"65":{"start":{"line":66,"column":0},"end":{"line":66,"column":10}},"66":{"start":{"line":67,"column":0},"end":{"line":67,"column":8}},"67":{"start":{"line":68,"column":0},"end":{"line":68,"column":21}},"68":{"start":{"line":69,"column":0},"end":{"line":69,"column":28}},"69":{"start":{"line":70,"column":0},"end":{"line":70,"column":40}},"70":{"start":{"line":71,"column":0},"end":{"line":71,"column":40}},"71":{"start":{"line":72,"column":0},"end":{"line":72,"column":8}},"72":{"start":{"line":73,"column":0},"end":{"line":73,"column":6}},"73":{"start":{"line":74,"column":0},"end":{"line":74,"column":4}},"74":{"start":{"line":75,"column":0},"end":{"line":75,"column":2}}},"s":{"0":0,"1":0,"2":0,"3":0,"4":0,"5":0,"6":0,"7":0,"8":0,"9":0,"10":0,"11":0,"12":0,"13":0,"14":0,"15":0,"16":0,"17":0,"18":0,"19":0,"20":0,"21":0,"22":0,"23":0,"24":0,"25":0,"26":0,"27":0,"28":0,"29":0,"30":0,"31":0,"32":0,"33":0,"34":0,"35":0,"36":0,"37":0,"38":0,"39":0,"40":0,"41":0,"42":0,"43":0,"44":0,"45":0,"46":0,"47":0,"48":0,"49":0,"50":0,"51":0,"52":0,"53":0,"54":0,"55":0,"56":0,"57":0,"58":0,"59":0,"60":0,"61":0,"62":0,"63":0,"64":0,"65":0,"66":0,"67":0,"68":0,"69":0,"70":0,"71":0,"72":0,"73":0,"74":0},"branchMap":{"0":{"type":"branch","line":1,"loc":{"start":{"line":1,"column":0},"end":{"line":75,"column":-13}},"locations":[{"start":{"line":1,"column":0},"end":{"line":75,"column":-13}}]}},"b":{"0":[0]},"fnMap":{"0":{"name":"(empty-report)","decl":{"start":{"line":1,"column":0},"end":{"line":75,"column":-13}},"loc":{"start":{"line":1,"column":0},"end":{"line":75,"column":-13}},"line":1}},"f":{"0":0}}
,"/Users/ericchien/Desktop/2025 Spring/539 Software Development Methodology/URLShortener/frontend/src/App.tsx": {"path":"/Users/ericchien/Desktop/2025 Spring/539 Software Development Methodology/URLShortener/frontend/src/App.tsx","all":true,"statementMap":{"0":{"start":{"line":1,"column":0},"end":{"line":1,"column":57}},"1":{"start":{"line":2,"column":0},"end":{"line":2,"column":64}},"2":{"start":{"line":3,"column":0},"end":{"line":3,"column":51}},"3":{"start":{"line":4,"column":0},"end":{"line":4,"column":45}},"4":{"start":{"line":5,"column":0},"end":{"line":5,"column":8}},"5":{"start":{"line":6,"column":0},"end":{"line":6,"column":26}},"6":{"start":{"line":7,"column":0},"end":{"line":7,"column":9}},"7":{"start":{"line":8,"column":0},"end":{"line":8,"column":8}},"8":{"start":{"line":9,"column":0},"end":{"line":9,"column":11}},"9":{"start":{"line":10,"column":0},"end":{"line":10,"column":26}},"10":{"start":{"line":11,"column":0},"end":{"line":11,"column":43}},"11":{"start":{"line":12,"column":0},"end":{"line":12,"column":61}},"12":{"start":{"line":13,"column":0},"end":{"line":13,"column":59}},"13":{"start":{"line":14,"column":0},"end":{"line":14,"column":58}},"14":{"start":{"line":15,"column":0},"end":{"line":15,"column":52}},"15":{"start":{"line":16,"column":0},"end":{"line":16,"column":34}},"16":{"start":{"line":17,"column":0},"end":{"line":17,"column":0}},"17":{"start":{"line":18,"column":0},"end":{"line":18,"column":44}},"18":{"start":{"line":19,"column":0},"end":{"line":19,"column":100}},"19":{"start":{"line":20,"column":0},"end":{"line":20,"column":0}},"20":{"start":{"line":21,"column":0},"end":{"line":21,"column":23}},"21":{"start":{"line":22,"column":0},"end":{"line":22,"column":40}},"22":{"start":{"line":23,"column":0},"end":{"line":23,"column":31}},"23":{"start":{"line":24,"column":0},"end":{"line":24,"column":0}},"24":{"start":{"line":25,"column":0},"end":{"line":25,"column":30}},"25":{"start":{"line":26,"column":0},"end":{"line":26,"column":19}},"26":{"start":{"line":27,"column":0},"end":{"line":27,"column":36}},"27":{"start":{"line":28,"column":0},"end":{"line":28,"column":14}},"28":{"start":{"line":29,"column":0},"end":{"line":29,"column":0}},"29":{"start":{"line":30,"column":0},"end":{"line":30,"column":10}},"30":{"start":{"line":31,"column":0},"end":{"line":31,"column":64}},"31":{"start":{"line":32,"column":0},"end":{"line":32,"column":16}},"32":{"start":{"line":33,"column":0},"end":{"line":33,"column":14}},"33":{"start":{"line":34,"column":0},"end":{"line":34,"column":52}},"34":{"start":{"line":35,"column":0},"end":{"line":35,"column":14}},"35":{"start":{"line":36,"column":0},"end":{"line":36,"column":27}},"36":{"start":{"line":37,"column":0},"end":{"line":37,"column":78}},"37":{"start":{"line":38,"column":0},"end":{"line":38,"column":10}},"38":{"start":{"line":39,"column":0},"end":{"line":39,"column":51}},"39":{"start":{"line":40,"column":0},"end":{"line":40,"column":57}},"40":{"start":{"line":41,"column":0},"end":{"line":41,"column":15}},"41":{"start":{"line":42,"column":0},"end":{"line":42,"column":10}},"42":{"start":{"line":43,"column":0},"end":{"line":43,"column":4}},"43":{"start":{"line":44,"column":0},"end":{"line":44,"column":1}},"44":{"start":{"line":45,"column":0},"end":{"line":45,"column":0}},"45":{"start":{"line":46,"column":0},"end":{"line":46,"column":31}},"46":{"start":{"line":47,"column":0},"end":{"line":47,"column":10}},"47":{"start":{"line":48,"column":0},"end":{"line":48,"column":53}},"48":{"start":{"line":49,"column":0},"end":{"line":49,"column":21}},"49":{"start":{"line":50,"column":0},"end":{"line":50,"column":22}},"50":{"start":{"line":51,"column":0},"end":{"line":51,"column":18}},"51":{"start":{"line":52,"column":0},"end":{"line":52,"column":26}},"52":{"start":{"line":53,"column":0},"end":{"line":53,"column":19}},"53":{"start":{"line":54,"column":0},"end":{"line":54,"column":23}},"54":{"start":{"line":55,"column":0},"end":{"line":55,"column":22}},"55":{"start":{"line":56,"column":0},"end":{"line":56,"column":26}},"56":{"start":{"line":57,"column":0},"end":{"line":57,"column":4}},"57":{"start":{"line":58,"column":0},"end":{"line":58,"column":1}}},"s":{"0":0,"1":0,"2":0,"3":0,"4":0,"5":0,"6":0,"7":0,"8":0,"9":0,"10":0,"11":0,"12":0,"13":0,"14":0,"15":0,"16":0,"17":0,"18":0,"19":0,"20":0,"21":0,"22":0,"23":0,"24":0,"25":0,"26":0,"27":0,"28":0,"29":0,"30":0,"31":0,"32":0,"33":0,"34":0,"35":0,"36":0,"37":0,"38":0,"39":0,"40":0,"41":0,"42":0,"43":0,"44":0,"45":0,"46":0,"47":0,"48":0,"49":0,"50":0,"51":0,"52":0,"53":0,"54":0,"55":0,"56":0,"57":0},"branchMap":{"0":{"type":"branch","line":1,"loc":{"start":{"line":1,"column":0},"end":{"line":58,"column":-843}},"locations":[{"start":{"line":1,"column":0},"end":{"line":58,"column":-843}}]}},"b":{"0":[0]},"fnMap":{"0":{"name":"(empty-report)","decl":{"start":{"line":1,"column":0},"end":{"line":58,"column":-843}},"loc":{"start":{"line":1,"column":0},"end":{"line":58,"column":-843}},"line":1}},"f":{"0":0}}
,"/Users/ericchien/Desktop/2025 Spring/539 Software Development Methodology/URLShortener/frontend/src/main.tsx": {"path":"/Users/ericchien/Desktop/2025 Spring/539 Software Development Methodology/URLShortener/frontend/src/main.tsx","all":true,"statementMap":{"0":{"start":{"line":1,"column":0},"end":{"line":1,"column":26}},"1":{"start":{"line":2,"column":0},"end":{"line":2,"column":40}},"2":{"start":{"line":3,"column":0},"end":{"line":3,"column":28}},"3":{"start":{"line":4,"column":0},"end":{"line":4,"column":21}},"4":{"start":{"line":5,"column":0},"end":{"line":5,"column":0}},"5":{"start":{"line":6,"column":0},"end":{"line":6,"column":61}},"6":{"start":{"line":7,"column":0},"end":{"line":7,"column":20}},"7":{"start":{"line":8,"column":0},"end":{"line":8,"column":11}},"8":{"start":{"line":9,"column":0},"end":{"line":9,"column":21}},"9":{"start":{"line":10,"column":0},"end":{"line":10,"column":2}}},"s":{"0":0,"1":0,"2":0,"3":0,"4":0,"5":0,"6":0,"7":0,"8":0,"9":0},"branchMap":{"0":{"type":"branch","line":1,"loc":{"start":{"line":1,"column":239},"end":{"line":10,"column":2}},"locations":[{"start":{"line":1,"column":239},"end":{"line":10,"column":2}}]}},"b":{"0":[0]},"fnMap":{"0":{"name":"(empty-report)","decl":{"start":{"line":1,"column":239},"end":{"line":10,"column":2}},"loc":{"start":{"line":1,"column":239},"end":{"line":10,"column":2}},"line":1}},"f":{"0":0}}
,"/Users/ericchien/Desktop/2025 Spring/539 Software Development Methodology/URLShortener/frontend/src/mock-data.js": {"path":"/Users/ericchien/Desktop/2025 Spring/539 Software Development Methodology/URLShortener/frontend/src/mock-data.js","all":false,"statementMap":{"0":{"start":{"line":1,"column":0},"end":{"line":1,"column":25}},"1":{"start":{"line":2,"column":0},"end":{"line":2,"column":25}},"2":{"start":{"line":3,"column":0},"end":{"line":3,"column":10}},"3":{"start":{"line":4,"column":0},"end":{"line":4,"column":32}},"4":{"start":{"line":5,"column":0},"end":{"line":5,"column":72}},"5":{"start":{"line":6,"column":0},"end":{"line":6,"column":20}},"6":{"start":{"line":7,"column":0},"end":{"line":7,"column":40}},"7":{"start":{"line":8,"column":0},"end":{"line":8,"column":19}},"8":{"start":{"line":9,"column":0},"end":{"line":9,"column":2}},"9":{"start":{"line":10,"column":0},"end":{"line":10,"column":0}},"10":{"start":{"line":11,"column":0},"end":{"line":11,"column":24}},"11":{"start":{"line":12,"column":0},"end":{"line":12,"column":31}},"12":{"start":{"line":13,"column":0},"end":{"line":13,"column":3}},"13":{"start":{"line":14,"column":0},"end":{"line":14,"column":12}},"14":{"start":{"line":15,"column":0},"end":{"line":15,"column":79}},"15":{"start":{"line":16,"column":0},"end":{"line":16,"column":45}},"16":{"start":{"line":17,"column":0},"end":{"line":17,"column":52}},"17":{"start":{"line":18,"column":0},"end":{"line":18,"column":16}},"18":{"start":{"line":19,"column":0},"end":{"line":19,"column":21}},"19":{"start":{"line":20,"column":0},"end":{"line":20,"column":24}},"20":{"start":{"line":21,"column":0},"end":{"line":21,"column":25}},"21":{"start":{"line":22,"column":0},"end":{"line":22,"column":54}},"22":{"start":{"line":23,"column":0},"end":{"line":23,"column":18}},"23":{"start":{"line":24,"column":0},"end":{"line":24,"column":17}},"24":{"start":{"line":25,"column":0},"end":{"line":25,"column":18}},"25":{"start":{"line":26,"column":0},"end":{"line":26,"column":17}},"26":{"start":{"line":27,"column":0},"end":{"line":27,"column":6}},"27":{"start":{"line":28,"column":0},"end":{"line":28,"column":20}},"28":{"start":{"line":29,"column":0},"end":{"line":29,"column":26}},"29":{"start":{"line":30,"column":0},"end":{"line":30,"column":27}},"30":{"start":{"line":31,"column":0},"end":{"line":31,"column":17}},"31":{"start":{"line":32,"column":0},"end":{"line":32,"column":17}},"32":{"start":{"line":33,"column":0},"end":{"line":33,"column":6}},"33":{"start":{"line":34,"column":0},"end":{"line":34,"column":20}},"34":{"start":{"line":35,"column":0},"end":{"line":35,"column":17}},"35":{"start":{"line":36,"column":0},"end":{"line":36,"column":17}},"36":{"start":{"line":37,"column":0},"end":{"line":37,"column":18}},"37":{"start":{"line":38,"column":0},"end":{"line":38,"column":17}},"38":{"start":{"line":39,"column":0},"end":{"line":39,"column":6}},"39":{"start":{"line":40,"column":0},"end":{"line":40,"column":4}},"40":{"start":{"line":41,"column":0},"end":{"line":41,"column":3}},"41":{"start":{"line":42,"column":0},"end":{"line":42,"column":12}},"42":{"start":{"line":43,"column":0},"end":{"line":43,"column":68}},"43":{"start":{"line":44,"column":0},"end":{"line":44,"column":45}},"44":{"start":{"line":45,"column":0},"end":{"line":45,"column":52}},"45":{"start":{"line":46,"column":0},"end":{"line":46,"column":52}},"46":{"start":{"line":47,"column":0},"end":{"line":47,"column":15}},"47":{"start":{"line":48,"column":0},"end":{"line":48,"column":22}},"48":{"start":{"line":49,"column":0},"end":{"line":49,"column":23}},"49":{"start":{"line":50,"column":0},"end":{"line":50,"column":25}},"50":{"start":{"line":51,"column":0},"end":{"line":51,"column":54}},"51":{"start":{"line":52,"column":0},"end":{"line":52,"column":18}},"52":{"start":{"line":53,"column":0},"end":{"line":53,"column":17}},"53":{"start":{"line":54,"column":0},"end":{"line":54,"column":18}},"54":{"start":{"line":55,"column":0},"end":{"line":55,"column":17}},"55":{"start":{"line":56,"column":0},"end":{"line":56,"column":6}},"56":{"start":{"line":57,"column":0},"end":{"line":57,"column":20}},"57":{"start":{"line":58,"column":0},"end":{"line":58,"column":26}},"58":{"start":{"line":59,"column":0},"end":{"line":59,"column":27}},"59":{"start":{"line":60,"column":0},"end":{"line":60,"column":17}},"60":{"start":{"line":61,"column":0},"end":{"line":61,"column":17}},"61":{"start":{"line":62,"column":0},"end":{"line":62,"column":6}},"62":{"start":{"line":63,"column":0},"end":{"line":63,"column":20}},"63":{"start":{"line":64,"column":0},"end":{"line":64,"column":17}},"64":{"start":{"line":65,"column":0},"end":{"line":65,"column":17}},"65":{"start":{"line":66,"column":0},"end":{"line":66,"column":18}},"66":{"start":{"line":67,"column":0},"end":{"line":67,"column":17}},"67":{"start":{"line":68,"column":0},"end":{"line":68,"column":6}},"68":{"start":{"line":69,"column":0},"end":{"line":69,"column":4}},"69":{"start":{"line":70,"column":0},"end":{"line":70,"column":2}},"70":{"start":{"line":71,"column":0},"end":{"line":71,"column":0}},"71":{"start":{"line":72,"column":0},"end":{"line":72,"column":18}},"72":{"start":{"line":73,"column":0},"end":{"line":73,"column":26}},"73":{"start":{"line":74,"column":0},"end":{"line":74,"column":15}},"74":{"start":{"line":75,"column":0},"end":{"line":75,"column":19}},"75":{"start":{"line":76,"column":0},"end":{"line":76,"column":16}},"76":{"start":{"line":77,"column":0},"end":{"line":77,"column":17}},"77":{"start":{"line":78,"column":0},"end":{"line":78,"column":23}},"78":{"start":{"line":79,"column":0},"end":{"line":79,"column":22}},"79":{"start":{"line":80,"column":0},"end":{"line":80,"column":2}},"80":{"start":{"line":81,"column":0},"end":{"line":81,"column":0}},"81":{"start":{"line":82,"column":0},"end":{"line":82,"column":29}},"82":{"start":{"line":83,"column":0},"end":{"line":83,"column":32}},"83":{"start":{"line":84,"column":0},"end":{"line":84,"column":17}},"84":{"start":{"line":85,"column":0},"end":{"line":85,"column":24}},"85":{"start":{"line":86,"column":0},"end":{"line":86,"column":27}},"86":{"start":{"line":87,"column":0},"end":{"line":87,"column":21}},"87":{"start":{"line":88,"column":0},"end":{"line":88,"column":2}},"88":{"start":{"line":89,"column":0},"end":{"line":89,"column":0}},"89":{"start":{"line":90,"column":0},"end":{"line":90,"column":30}},"90":{"start":{"line":91,"column":0},"end":{"line":91,"column":32}},"91":{"start":{"line":92,"column":0},"end":{"line":92,"column":3}},"92":{"start":{"line":93,"column":0},"end":{"line":93,"column":12}},"93":{"start":{"line":94,"column":0},"end":{"line":94,"column":18}},"94":{"start":{"line":95,"column":0},"end":{"line":95,"column":31}},"95":{"start":{"line":96,"column":0},"end":{"line":96,"column":31}},"96":{"start":{"line":97,"column":0},"end":{"line":97,"column":32}},"97":{"start":{"line":98,"column":0},"end":{"line":98,"column":29}},"98":{"start":{"line":99,"column":0},"end":{"line":99,"column":4}},"99":{"start":{"line":100,"column":0},"end":{"line":100,"column":3}},"100":{"start":{"line":101,"column":0},"end":{"line":101,"column":12}},"101":{"start":{"line":102,"column":0},"end":{"line":102,"column":20}},"102":{"start":{"line":103,"column":0},"end":{"line":103,"column":31}},"103":{"start":{"line":104,"column":0},"end":{"line":104,"column":31}},"104":{"start":{"line":105,"column":0},"end":{"line":105,"column":33}},"105":{"start":{"line":106,"column":0},"end":{"line":106,"column":30}},"106":{"start":{"line":107,"column":0},"end":{"line":107,"column":4}},"107":{"start":{"line":108,"column":0},"end":{"line":108,"column":2}}},"s":{"0":1,"1":1,"2":1,"3":1,"4":1,"5":1,"6":1,"7":1,"8":1,"9":1,"10":1,"11":1,"12":1,"13":1,"14":1,"15":1,"16":1,"17":1,"18":1,"19":1,"20":1,"21":1,"22":1,"23":1,"24":1,"25":1,"26":1,"27":1,"28":1,"29":1,"30":1,"31":1,"32":1,"33":1,"34":1,"35":1,"36":1,"37":1,"38":1,"39":1,"40":1,"41":1,"42":1,"43":1,"44":1,"45":1,"46":1,"47":1,"48":1,"49":1,"50":1,"51":1,"52":1,"53":1,"54":1,"55":1,"56":1,"57":1,"58":1,"59":1,"60":1,"61":1,"62":1,"63":1,"64":1,"65":1,"66":1,"67":1,"68":1,"69":1,"70":1,"71":1,"72":1,"73":1,"74":1,"75":1,"76":1,"77":1,"78":1,"79":1,"80":1,"81":1,"82":1,"83":1,"84":1,"85":1,"86":1,"87":1,"88":1,"89":1,"90":1,"91":1,"92":1,"93":1,"94":1,"95":1,"96":1,"97":1,"98":1,"99":1,"100":1,"101":1,"102":1,"103":1,"104":1,"105":1,"106":1,"107":1},"branchMap":{},"b":{},"fnMap":{},"f":{}}
,"/Users/ericchien/Desktop/2025 Spring/539 Software Development Methodology/URLShortener/frontend/src/components/Dashboard.tsx": {"path":"/Users/ericchien/Desktop/2025 Spring/539 Software Development Methodology/URLShortener/frontend/src/components/Dashboard.tsx","all":false,"statementMap":{"0":{"start":{"line":1,"column":0},"end":{"line":1,"column":44}},"1":{"start":{"line":2,"column":0},"end":{"line":2,"column":74}},"2":{"start":{"line":3,"column":0},"end":{"line":3,"column":69}},"3":{"start":{"line":4,"column":0},"end":{"line":4,"column":37}},"4":{"start":{"line":5,"column":0},"end":{"line":5,"column":8}},"5":{"start":{"line":6,"column":0},"end":{"line":6,"column":10}},"6":{"start":{"line":7,"column":0},"end":{"line":7,"column":13}},"7":{"start":{"line":8,"column":0},"end":{"line":8,"column":8}},"8":{"start":{"line":9,"column":0},"end":{"line":9,"column":8}},"9":{"start":{"line":10,"column":0},"end":{"line":10,"column":8}},"10":{"start":{"line":11,"column":0},"end":{"line":11,"column":15}},"11":{"start":{"line":12,"column":0},"end":{"line":12,"column":15}},"12":{"start":{"line":13,"column":0},"end":{"line":13,"column":17}},"13":{"start":{"line":14,"column":0},"end":{"line":14,"column":14}},"14":{"start":{"line":15,"column":0},"end":{"line":15,"column":22}},"15":{"start":{"line":16,"column":0},"end":{"line":16,"column":8}},"16":{"start":{"line":17,"column":0},"end":{"line":17,"column":16}},"17":{"start":{"line":18,"column":0},"end":{"line":18,"column":21}},"18":{"start":{"line":19,"column":0},"end":{"line":19,"column":18}},"19":{"start":{"line":20,"column":0},"end":{"line":20,"column":13}},"20":{"start":{"line":21,"column":0},"end":{"line":21,"column":20}},"21":{"start":{"line":22,"column":0},"end":{"line":22,"column":15}},"22":{"start":{"line":23,"column":0},"end":{"line":23,"column":31}},"23":{"start":{"line":24,"column":0},"end":{"line":24,"column":36}},"24":{"start":{"line":25,"column":0},"end":{"line":25,"column":56}},"25":{"start":{"line":26,"column":0},"end":{"line":26,"column":43}},"26":{"start":{"line":27,"column":0},"end":{"line":27,"column":45}},"27":{"start":{"line":28,"column":0},"end":{"line":28,"column":62}},"28":{"start":{"line":29,"column":0},"end":{"line":29,"column":53}},"29":{"start":{"line":30,"column":0},"end":{"line":30,"column":62}},"30":{"start":{"line":31,"column":0},"end":{"line":31,"column":47}},"31":{"start":{"line":32,"column":0},"end":{"line":32,"column":0}},"32":{"start":{"line":33,"column":0},"end":{"line":33,"column":17}},"33":{"start":{"line":34,"column":0},"end":{"line":34,"column":20}},"34":{"start":{"line":35,"column":0},"end":{"line":35,"column":22}},"35":{"start":{"line":36,"column":0},"end":{"line":36,"column":21}},"36":{"start":{"line":37,"column":0},"end":{"line":37,"column":22}},"37":{"start":{"line":38,"column":0},"end":{"line":38,"column":26}},"38":{"start":{"line":39,"column":0},"end":{"line":39,"column":25}},"39":{"start":{"line":40,"column":0},"end":{"line":40,"column":1}},"40":{"start":{"line":41,"column":0},"end":{"line":41,"column":0}},"41":{"start":{"line":42,"column":0},"end":{"line":42,"column":43}},"42":{"start":{"line":43,"column":0},"end":{"line":43,"column":25}},"43":{"start":{"line":44,"column":0},"end":{"line":44,"column":26}},"44":{"start":{"line":45,"column":0},"end":{"line":45,"column":23}},"45":{"start":{"line":46,"column":0},"end":{"line":46,"column":24}},"46":{"start":{"line":47,"column":0},"end":{"line":47,"column":16}},"47":{"start":{"line":48,"column":0},"end":{"line":48,"column":19}},"48":{"start":{"line":49,"column":0},"end":{"line":49,"column":20}},"49":{"start":{"line":50,"column":0},"end":{"line":50,"column":19}},"50":{"start":{"line":51,"column":0},"end":{"line":51,"column":4}},"51":{"start":{"line":52,"column":0},"end":{"line":52,"column":40}},"52":{"start":{"line":53,"column":0},"end":{"line":53,"column":40}},"53":{"start":{"line":54,"column":0},"end":{"line":54,"column":1}},"54":{"start":{"line":55,"column":0},"end":{"line":55,"column":0}},"55":{"start":{"line":56,"column":0},"end":{"line":56,"column":29}},"56":{"start":{"line":57,"column":0},"end":{"line":57,"column":59}},"57":{"start":{"line":58,"column":0},"end":{"line":58,"column":31}},"58":{"start":{"line":59,"column":0},"end":{"line":59,"column":39}},"59":{"start":{"line":60,"column":0},"end":{"line":60,"column":0}},"60":{"start":{"line":61,"column":0},"end":{"line":61,"column":53}},"61":{"start":{"line":62,"column":0},"end":{"line":62,"column":56}},"62":{"start":{"line":63,"column":0},"end":{"line":63,"column":0}},"63":{"start":{"line":64,"column":0},"end":{"line":64,"column":74}},"64":{"start":{"line":65,"column":0},"end":{"line":65,"column":54}},"65":{"start":{"line":66,"column":0},"end":{"line":66,"column":0}},"66":{"start":{"line":67,"column":0},"end":{"line":67,"column":24}},"67":{"start":{"line":68,"column":0},"end":{"line":68,"column":56}},"68":{"start":{"line":69,"column":0},"end":{"line":69,"column":19}},"69":{"start":{"line":70,"column":0},"end":{"line":70,"column":39}},"70":{"start":{"line":71,"column":0},"end":{"line":71,"column":26}},"71":{"start":{"line":72,"column":0},"end":{"line":72,"column":23}},"72":{"start":{"line":73,"column":0},"end":{"line":73,"column":49}},"73":{"start":{"line":74,"column":0},"end":{"line":74,"column":94}},"74":{"start":{"line":75,"column":0},"end":{"line":75,"column":29}},"75":{"start":{"line":76,"column":0},"end":{"line":76,"column":17}},"76":{"start":{"line":77,"column":0},"end":{"line":77,"column":17}},"77":{"start":{"line":78,"column":0},"end":{"line":78,"column":27}},"78":{"start":{"line":79,"column":0},"end":{"line":79,"column":23}},"79":{"start":{"line":80,"column":0},"end":{"line":80,"column":29}},"80":{"start":{"line":81,"column":0},"end":{"line":81,"column":34}},"81":{"start":{"line":82,"column":0},"end":{"line":82,"column":53}},"82":{"start":{"line":83,"column":0},"end":{"line":83,"column":14}},"83":{"start":{"line":84,"column":0},"end":{"line":84,"column":92}},"84":{"start":{"line":85,"column":0},"end":{"line":85,"column":11}},"85":{"start":{"line":86,"column":0},"end":{"line":86,"column":62}},"86":{"start":{"line":87,"column":0},"end":{"line":87,"column":19}},"87":{"start":{"line":88,"column":0},"end":{"line":88,"column":14}},"88":{"start":{"line":89,"column":0},"end":{"line":89,"column":8}},"89":{"start":{"line":90,"column":0},"end":{"line":90,"column":7}},"90":{"start":{"line":91,"column":0},"end":{"line":91,"column":37}},"91":{"start":{"line":92,"column":0},"end":{"line":92,"column":23}},"92":{"start":{"line":93,"column":0},"end":{"line":93,"column":23}},"93":{"start":{"line":94,"column":0},"end":{"line":94,"column":49}},"94":{"start":{"line":95,"column":0},"end":{"line":95,"column":27}},"95":{"start":{"line":96,"column":0},"end":{"line":96,"column":15}},"96":{"start":{"line":97,"column":0},"end":{"line":97,"column":23}},"97":{"start":{"line":98,"column":0},"end":{"line":98,"column":72}},"98":{"start":{"line":99,"column":0},"end":{"line":99,"column":13}},"99":{"start":{"line":100,"column":0},"end":{"line":100,"column":11}},"100":{"start":{"line":101,"column":0},"end":{"line":101,"column":38}},"101":{"start":{"line":102,"column":0},"end":{"line":102,"column":64}},"102":{"start":{"line":103,"column":0},"end":{"line":103,"column":17}},"103":{"start":{"line":104,"column":0},"end":{"line":104,"column":66}},"104":{"start":{"line":105,"column":0},"end":{"line":105,"column":14}},"105":{"start":{"line":106,"column":0},"end":{"line":106,"column":17}},"106":{"start":{"line":107,"column":0},"end":{"line":107,"column":14}},"107":{"start":{"line":108,"column":0},"end":{"line":108,"column":8}},"108":{"start":{"line":109,"column":0},"end":{"line":109,"column":7}},"109":{"start":{"line":110,"column":0},"end":{"line":110,"column":45}},"110":{"start":{"line":111,"column":0},"end":{"line":111,"column":25}},"111":{"start":{"line":112,"column":0},"end":{"line":112,"column":38}},"112":{"start":{"line":113,"column":0},"end":{"line":113,"column":7}},"113":{"start":{"line":114,"column":0},"end":{"line":114,"column":46}},"114":{"start":{"line":115,"column":0},"end":{"line":115,"column":25}},"115":{"start":{"line":116,"column":0},"end":{"line":116,"column":23}},"116":{"start":{"line":117,"column":0},"end":{"line":117,"column":52}},"117":{"start":{"line":118,"column":0},"end":{"line":118,"column":21}},"118":{"start":{"line":119,"column":0},"end":{"line":119,"column":33}},"119":{"start":{"line":120,"column":0},"end":{"line":120,"column":8}},"120":{"start":{"line":121,"column":0},"end":{"line":121,"column":7}},"121":{"start":{"line":122,"column":0},"end":{"line":122,"column":37}},"122":{"start":{"line":123,"column":0},"end":{"line":123,"column":23}},"123":{"start":{"line":124,"column":0},"end":{"line":124,"column":23}},"124":{"start":{"line":125,"column":0},"end":{"line":125,"column":13}},"125":{"start":{"line":126,"column":0},"end":{"line":126,"column":55}},"126":{"start":{"line":127,"column":0},"end":{"line":127,"column":40}},"127":{"start":{"line":128,"column":0},"end":{"line":128,"column":44}},"128":{"start":{"line":129,"column":0},"end":{"line":129,"column":50}},"129":{"start":{"line":130,"column":0},"end":{"line":130,"column":13}},"130":{"start":{"line":131,"column":0},"end":{"line":131,"column":9}},"131":{"start":{"line":132,"column":0},"end":{"line":132,"column":27}},"132":{"start":{"line":133,"column":0},"end":{"line":133,"column":15}},"133":{"start":{"line":134,"column":0},"end":{"line":134,"column":8}},"134":{"start":{"line":135,"column":0},"end":{"line":135,"column":7}},"135":{"start":{"line":136,"column":0},"end":{"line":136,"column":42}},"136":{"start":{"line":137,"column":0},"end":{"line":137,"column":29}},"137":{"start":{"line":138,"column":0},"end":{"line":138,"column":23}},"138":{"start":{"line":139,"column":0},"end":{"line":139,"column":48}},"139":{"start":{"line":140,"column":0},"end":{"line":140,"column":30}},"140":{"start":{"line":141,"column":0},"end":{"line":141,"column":58}},"141":{"start":{"line":142,"column":0},"end":{"line":142,"column":20}},"142":{"start":{"line":143,"column":0},"end":{"line":143,"column":8}},"143":{"start":{"line":144,"column":0},"end":{"line":144,"column":7}},"144":{"start":{"line":145,"column":0},"end":{"line":145,"column":4}},"145":{"start":{"line":146,"column":0},"end":{"line":146,"column":0}},"146":{"start":{"line":147,"column":0},"end":{"line":147,"column":63}},"147":{"start":{"line":148,"column":0},"end":{"line":148,"column":25}},"148":{"start":{"line":149,"column":0},"end":{"line":149,"column":27}},"149":{"start":{"line":150,"column":0},"end":{"line":150,"column":25}},"150":{"start":{"line":151,"column":0},"end":{"line":151,"column":25}},"151":{"start":{"line":152,"column":0},"end":{"line":152,"column":4}},"152":{"start":{"line":153,"column":0},"end":{"line":153,"column":0}},"153":{"start":{"line":154,"column":0},"end":{"line":154,"column":50}},"154":{"start":{"line":155,"column":0},"end":{"line":155,"column":68}},"155":{"start":{"line":156,"column":0},"end":{"line":156,"column":0}},"156":{"start":{"line":157,"column":0},"end":{"line":157,"column":19}},"157":{"start":{"line":158,"column":0},"end":{"line":158,"column":32}},"158":{"start":{"line":159,"column":0},"end":{"line":159,"column":43}},"159":{"start":{"line":160,"column":0},"end":{"line":160,"column":6}},"160":{"start":{"line":161,"column":0},"end":{"line":161,"column":0}},"161":{"start":{"line":162,"column":0},"end":{"line":162,"column":52}},"162":{"start":{"line":163,"column":0},"end":{"line":163,"column":68}},"163":{"start":{"line":164,"column":0},"end":{"line":164,"column":9}},"164":{"start":{"line":165,"column":0},"end":{"line":165,"column":0}},"165":{"start":{"line":166,"column":0},"end":{"line":166,"column":59}},"166":{"start":{"line":167,"column":0},"end":{"line":167,"column":0}},"167":{"start":{"line":168,"column":0},"end":{"line":168,"column":31}},"168":{"start":{"line":169,"column":0},"end":{"line":169,"column":15}},"169":{"start":{"line":170,"column":0},"end":{"line":170,"column":27}},"170":{"start":{"line":171,"column":0},"end":{"line":171,"column":12}},"171":{"start":{"line":172,"column":0},"end":{"line":172,"column":14}},"172":{"start":{"line":173,"column":0},"end":{"line":173,"column":6}},"173":{"start":{"line":174,"column":0},"end":{"line":174,"column":32}},"174":{"start":{"line":175,"column":0},"end":{"line":175,"column":39}},"175":{"start":{"line":176,"column":0},"end":{"line":176,"column":43}},"176":{"start":{"line":177,"column":0},"end":{"line":177,"column":5}},"177":{"start":{"line":178,"column":0},"end":{"line":178,"column":0}},"178":{"start":{"line":179,"column":0},"end":{"line":179,"column":51}},"179":{"start":{"line":180,"column":0},"end":{"line":180,"column":22}},"180":{"start":{"line":181,"column":0},"end":{"line":181,"column":35}},"181":{"start":{"line":182,"column":0},"end":{"line":182,"column":51}},"182":{"start":{"line":183,"column":0},"end":{"line":183,"column":51}},"183":{"start":{"line":184,"column":0},"end":{"line":184,"column":45}},"184":{"start":{"line":185,"column":0},"end":{"line":185,"column":43}},"185":{"start":{"line":186,"column":0},"end":{"line":186,"column":4}},"186":{"start":{"line":187,"column":0},"end":{"line":187,"column":0}},"187":{"start":{"line":188,"column":0},"end":{"line":188,"column":53}},"188":{"start":{"line":189,"column":0},"end":{"line":189,"column":12}},"189":{"start":{"line":190,"column":0},"end":{"line":190,"column":31}},"190":{"start":{"line":191,"column":0},"end":{"line":191,"column":45}},"191":{"start":{"line":192,"column":0},"end":{"line":192,"column":6}},"192":{"start":{"line":193,"column":0},"end":{"line":193,"column":12}},"193":{"start":{"line":194,"column":0},"end":{"line":194,"column":23}},"194":{"start":{"line":195,"column":0},"end":{"line":195,"column":14}},"195":{"start":{"line":196,"column":0},"end":{"line":196,"column":21}},"196":{"start":{"line":197,"column":0},"end":{"line":197,"column":47}},"197":{"start":{"line":198,"column":0},"end":{"line":198,"column":8}},"198":{"start":{"line":199,"column":0},"end":{"line":199,"column":15}},"199":{"start":{"line":200,"column":0},"end":{"line":200,"column":47}},"200":{"start":{"line":201,"column":0},"end":{"line":201,"column":8}},"201":{"start":{"line":202,"column":0},"end":{"line":202,"column":42}},"202":{"start":{"line":203,"column":0},"end":{"line":203,"column":6}},"203":{"start":{"line":204,"column":0},"end":{"line":204,"column":12}},"204":{"start":{"line":205,"column":0},"end":{"line":205,"column":14}},"205":{"start":{"line":206,"column":0},"end":{"line":206,"column":23}},"206":{"start":{"line":207,"column":0},"end":{"line":207,"column":47}},"207":{"start":{"line":208,"column":0},"end":{"line":208,"column":8}},"208":{"start":{"line":209,"column":0},"end":{"line":209,"column":15}},"209":{"start":{"line":210,"column":0},"end":{"line":210,"column":47}},"210":{"start":{"line":211,"column":0},"end":{"line":211,"column":8}},"211":{"start":{"line":212,"column":0},"end":{"line":212,"column":42}},"212":{"start":{"line":213,"column":0},"end":{"line":213,"column":6}},"213":{"start":{"line":214,"column":0},"end":{"line":214,"column":13}},"214":{"start":{"line":215,"column":0},"end":{"line":215,"column":7}},"215":{"start":{"line":216,"column":0},"end":{"line":216,"column":21}},"216":{"start":{"line":217,"column":0},"end":{"line":217,"column":29}},"217":{"start":{"line":218,"column":0},"end":{"line":218,"column":33}},"218":{"start":{"line":219,"column":0},"end":{"line":219,"column":44}},"219":{"start":{"line":220,"column":0},"end":{"line":220,"column":21}},"220":{"start":{"line":221,"column":0},"end":{"line":221,"column":11}},"221":{"start":{"line":222,"column":0},"end":{"line":222,"column":39}},"222":{"start":{"line":223,"column":0},"end":{"line":223,"column":25}},"223":{"start":{"line":224,"column":0},"end":{"line":224,"column":8}},"224":{"start":{"line":225,"column":0},"end":{"line":225,"column":6}},"225":{"start":{"line":226,"column":0},"end":{"line":226,"column":12}},"226":{"start":{"line":227,"column":0},"end":{"line":227,"column":14}},"227":{"start":{"line":228,"column":0},"end":{"line":228,"column":30}},"228":{"start":{"line":229,"column":0},"end":{"line":229,"column":8}},"229":{"start":{"line":230,"column":0},"end":{"line":230,"column":50}},"230":{"start":{"line":231,"column":0},"end":{"line":231,"column":35}},"231":{"start":{"line":232,"column":0},"end":{"line":232,"column":6}},"232":{"start":{"line":233,"column":0},"end":{"line":233,"column":13}},"233":{"start":{"line":234,"column":0},"end":{"line":234,"column":18}},"234":{"start":{"line":235,"column":0},"end":{"line":235,"column":36}},"235":{"start":{"line":236,"column":0},"end":{"line":236,"column":8}},"236":{"start":{"line":237,"column":0},"end":{"line":237,"column":6}},"237":{"start":{"line":238,"column":0},"end":{"line":238,"column":14}},"238":{"start":{"line":239,"column":0},"end":{"line":239,"column":59}},"239":{"start":{"line":240,"column":0},"end":{"line":240,"column":14}},"240":{"start":{"line":241,"column":0},"end":{"line":241,"column":51}},"241":{"start":{"line":242,"column":0},"end":{"line":242,"column":8}},"242":{"start":{"line":243,"column":0},"end":{"line":243,"column":6}},"243":{"start":{"line":244,"column":0},"end":{"line":244,"column":17}},"244":{"start":{"line":245,"column":0},"end":{"line":245,"column":14}},"245":{"start":{"line":246,"column":0},"end":{"line":246,"column":9}},"246":{"start":{"line":247,"column":0},"end":{"line":247,"column":22}},"247":{"start":{"line":248,"column":0},"end":{"line":248,"column":26}},"248":{"start":{"line":249,"column":0},"end":{"line":249,"column":12}},"249":{"start":{"line":250,"column":0},"end":{"line":250,"column":25}},"250":{"start":{"line":251,"column":0},"end":{"line":251,"column":21}},"251":{"start":{"line":252,"column":0},"end":{"line":252,"column":29}},"252":{"start":{"line":253,"column":0},"end":{"line":253,"column":14}},"253":{"start":{"line":254,"column":0},"end":{"line":254,"column":20}},"254":{"start":{"line":255,"column":0},"end":{"line":255,"column":22}},"255":{"start":{"line":256,"column":0},"end":{"line":256,"column":27}},"256":{"start":{"line":257,"column":0},"end":{"line":257,"column":16}},"257":{"start":{"line":258,"column":0},"end":{"line":258,"column":14}},"258":{"start":{"line":259,"column":0},"end":{"line":259,"column":12}},"259":{"start":{"line":260,"column":0},"end":{"line":260,"column":10}},"260":{"start":{"line":261,"column":0},"end":{"line":261,"column":8}},"261":{"start":{"line":262,"column":0},"end":{"line":262,"column":6}},"262":{"start":{"line":263,"column":0},"end":{"line":263,"column":4}},"263":{"start":{"line":264,"column":0},"end":{"line":264,"column":0}},"264":{"start":{"line":265,"column":0},"end":{"line":265,"column":57}},"265":{"start":{"line":266,"column":0},"end":{"line":266,"column":12}},"266":{"start":{"line":267,"column":0},"end":{"line":267,"column":18}},"267":{"start":{"line":268,"column":0},"end":{"line":268,"column":14}},"268":{"start":{"line":269,"column":0},"end":{"line":269,"column":30}},"269":{"start":{"line":270,"column":0},"end":{"line":270,"column":8}},"270":{"start":{"line":271,"column":0},"end":{"line":271,"column":50}},"271":{"start":{"line":272,"column":0},"end":{"line":272,"column":35}},"272":{"start":{"line":273,"column":0},"end":{"line":273,"column":6}},"273":{"start":{"line":274,"column":0},"end":{"line":274,"column":12}},"274":{"start":{"line":275,"column":0},"end":{"line":275,"column":34}},"275":{"start":{"line":276,"column":0},"end":{"line":276,"column":45}},"276":{"start":{"line":277,"column":0},"end":{"line":277,"column":6}},"277":{"start":{"line":278,"column":0},"end":{"line":278,"column":13}},"278":{"start":{"line":279,"column":0},"end":{"line":279,"column":7}},"279":{"start":{"line":280,"column":0},"end":{"line":280,"column":20}},"280":{"start":{"line":281,"column":0},"end":{"line":281,"column":24}},"281":{"start":{"line":282,"column":0},"end":{"line":282,"column":29}},"282":{"start":{"line":283,"column":0},"end":{"line":283,"column":37}},"283":{"start":{"line":284,"column":0},"end":{"line":284,"column":80}},"284":{"start":{"line":285,"column":0},"end":{"line":285,"column":55}},"285":{"start":{"line":286,"column":0},"end":{"line":286,"column":15}},"286":{"start":{"line":287,"column":0},"end":{"line":287,"column":23}},"287":{"start":{"line":288,"column":0},"end":{"line":288,"column":42}},"288":{"start":{"line":289,"column":0},"end":{"line":289,"column":44}},"289":{"start":{"line":290,"column":0},"end":{"line":290,"column":23}},"290":{"start":{"line":291,"column":0},"end":{"line":291,"column":19}},"291":{"start":{"line":292,"column":0},"end":{"line":292,"column":16}},"292":{"start":{"line":293,"column":0},"end":{"line":293,"column":23}},"293":{"start":{"line":294,"column":0},"end":{"line":294,"column":39}},"294":{"start":{"line":295,"column":0},"end":{"line":295,"column":27}},"295":{"start":{"line":296,"column":0},"end":{"line":296,"column":41}},"296":{"start":{"line":297,"column":0},"end":{"line":297,"column":26}},"297":{"start":{"line":298,"column":0},"end":{"line":298,"column":12}},"298":{"start":{"line":299,"column":0},"end":{"line":299,"column":8}},"299":{"start":{"line":300,"column":0},"end":{"line":300,"column":6}},"300":{"start":{"line":301,"column":0},"end":{"line":301,"column":13}},"301":{"start":{"line":302,"column":0},"end":{"line":302,"column":18}},"302":{"start":{"line":303,"column":0},"end":{"line":303,"column":36}},"303":{"start":{"line":304,"column":0},"end":{"line":304,"column":8}},"304":{"start":{"line":305,"column":0},"end":{"line":305,"column":6}},"305":{"start":{"line":306,"column":0},"end":{"line":306,"column":14}},"306":{"start":{"line":307,"column":0},"end":{"line":307,"column":59}},"307":{"start":{"line":308,"column":0},"end":{"line":308,"column":14}},"308":{"start":{"line":309,"column":0},"end":{"line":309,"column":51}},"309":{"start":{"line":310,"column":0},"end":{"line":310,"column":8}},"310":{"start":{"line":311,"column":0},"end":{"line":311,"column":6}},"311":{"start":{"line":312,"column":0},"end":{"line":312,"column":17}},"312":{"start":{"line":313,"column":0},"end":{"line":313,"column":14}},"313":{"start":{"line":314,"column":0},"end":{"line":314,"column":9}},"314":{"start":{"line":315,"column":0},"end":{"line":315,"column":22}},"315":{"start":{"line":316,"column":0},"end":{"line":316,"column":26}},"316":{"start":{"line":317,"column":0},"end":{"line":317,"column":12}},"317":{"start":{"line":318,"column":0},"end":{"line":318,"column":25}},"318":{"start":{"line":319,"column":0},"end":{"line":319,"column":21}},"319":{"start":{"line":320,"column":0},"end":{"line":320,"column":29}},"320":{"start":{"line":321,"column":0},"end":{"line":321,"column":14}},"321":{"start":{"line":322,"column":0},"end":{"line":322,"column":12}},"322":{"start":{"line":323,"column":0},"end":{"line":323,"column":10}},"323":{"start":{"line":324,"column":0},"end":{"line":324,"column":8}},"324":{"start":{"line":325,"column":0},"end":{"line":325,"column":6}},"325":{"start":{"line":326,"column":0},"end":{"line":326,"column":4}},"326":{"start":{"line":327,"column":0},"end":{"line":327,"column":0}},"327":{"start":{"line":328,"column":0},"end":{"line":328,"column":36}},"328":{"start":{"line":329,"column":0},"end":{"line":329,"column":12}},"329":{"start":{"line":330,"column":0},"end":{"line":330,"column":69}},"330":{"start":{"line":331,"column":0},"end":{"line":331,"column":26}},"331":{"start":{"line":332,"column":0},"end":{"line":332,"column":12}},"332":{"start":{"line":333,"column":0},"end":{"line":333,"column":6}},"333":{"start":{"line":334,"column":0},"end":{"line":334,"column":3}},"334":{"start":{"line":335,"column":0},"end":{"line":335,"column":0}},"335":{"start":{"line":336,"column":0},"end":{"line":336,"column":64}},"336":{"start":{"line":337,"column":0},"end":{"line":337,"column":40}},"337":{"start":{"line":338,"column":0},"end":{"line":338,"column":24}},"338":{"start":{"line":339,"column":0},"end":{"line":339,"column":29}},"339":{"start":{"line":340,"column":0},"end":{"line":340,"column":17}},"340":{"start":{"line":341,"column":0},"end":{"line":341,"column":18}},"341":{"start":{"line":342,"column":0},"end":{"line":342,"column":16}},"342":{"start":{"line":343,"column":0},"end":{"line":343,"column":6}},"343":{"start":{"line":344,"column":0},"end":{"line":344,"column":0}},"344":{"start":{"line":345,"column":0},"end":{"line":345,"column":31}},"345":{"start":{"line":346,"column":0},"end":{"line":346,"column":26}},"346":{"start":{"line":347,"column":0},"end":{"line":347,"column":27}},"347":{"start":{"line":348,"column":0},"end":{"line":348,"column":17}},"348":{"start":{"line":349,"column":0},"end":{"line":349,"column":18}},"349":{"start":{"line":350,"column":0},"end":{"line":350,"column":15}},"350":{"start":{"line":351,"column":0},"end":{"line":351,"column":16}},"351":{"start":{"line":352,"column":0},"end":{"line":352,"column":6}},"352":{"start":{"line":353,"column":0},"end":{"line":353,"column":0}},"353":{"start":{"line":354,"column":0},"end":{"line":354,"column":31}},"354":{"start":{"line":355,"column":0},"end":{"line":355,"column":17}},"355":{"start":{"line":356,"column":0},"end":{"line":356,"column":17}},"356":{"start":{"line":357,"column":0},"end":{"line":357,"column":18}},"357":{"start":{"line":358,"column":0},"end":{"line":358,"column":19}},"358":{"start":{"line":359,"column":0},"end":{"line":359,"column":18}},"359":{"start":{"line":360,"column":0},"end":{"line":360,"column":16}},"360":{"start":{"line":361,"column":0},"end":{"line":361,"column":6}},"361":{"start":{"line":362,"column":0},"end":{"line":362,"column":0}},"362":{"start":{"line":363,"column":0},"end":{"line":363,"column":94}},"363":{"start":{"line":364,"column":0},"end":{"line":364,"column":21}},"364":{"start":{"line":365,"column":0},"end":{"line":365,"column":22}},"365":{"start":{"line":366,"column":0},"end":{"line":366,"column":112}},"366":{"start":{"line":367,"column":0},"end":{"line":367,"column":21}},"367":{"start":{"line":368,"column":0},"end":{"line":368,"column":122}},"368":{"start":{"line":369,"column":0},"end":{"line":369,"column":88}},"369":{"start":{"line":370,"column":0},"end":{"line":370,"column":94}},"370":{"start":{"line":371,"column":0},"end":{"line":371,"column":63}},"371":{"start":{"line":372,"column":0},"end":{"line":372,"column":69}},"372":{"start":{"line":373,"column":0},"end":{"line":373,"column":69}},"373":{"start":{"line":374,"column":0},"end":{"line":374,"column":6}},"374":{"start":{"line":375,"column":0},"end":{"line":375,"column":0}},"375":{"start":{"line":376,"column":0},"end":{"line":376,"column":42}},"376":{"start":{"line":377,"column":0},"end":{"line":377,"column":24}},"377":{"start":{"line":378,"column":0},"end":{"line":378,"column":4}},"378":{"start":{"line":379,"column":0},"end":{"line":379,"column":0}},"379":{"start":{"line":380,"column":0},"end":{"line":380,"column":10}},"380":{"start":{"line":381,"column":0},"end":{"line":381,"column":48}},"381":{"start":{"line":382,"column":0},"end":{"line":382,"column":59}},"382":{"start":{"line":383,"column":0},"end":{"line":383,"column":32}},"383":{"start":{"line":384,"column":0},"end":{"line":384,"column":87}},"384":{"start":{"line":385,"column":0},"end":{"line":385,"column":21}},"385":{"start":{"line":386,"column":0},"end":{"line":386,"column":32}},"386":{"start":{"line":387,"column":0},"end":{"line":387,"column":43}},"387":{"start":{"line":388,"column":0},"end":{"line":388,"column":23}},"388":{"start":{"line":389,"column":0},"end":{"line":389,"column":66}},"389":{"start":{"line":390,"column":0},"end":{"line":390,"column":12}},"390":{"start":{"line":391,"column":0},"end":{"line":391,"column":21}},"391":{"start":{"line":392,"column":0},"end":{"line":392,"column":31}},"392":{"start":{"line":393,"column":0},"end":{"line":393,"column":42}},"393":{"start":{"line":394,"column":0},"end":{"line":394,"column":22}},"394":{"start":{"line":395,"column":0},"end":{"line":395,"column":61}},"395":{"start":{"line":396,"column":0},"end":{"line":396,"column":12}},"396":{"start":{"line":397,"column":0},"end":{"line":397,"column":21}},"397":{"start":{"line":398,"column":0},"end":{"line":398,"column":33}},"398":{"start":{"line":399,"column":0},"end":{"line":399,"column":67}},"399":{"start":{"line":400,"column":0},"end":{"line":400,"column":22}},"400":{"start":{"line":401,"column":0},"end":{"line":401,"column":61}},"401":{"start":{"line":402,"column":0},"end":{"line":402,"column":12}},"402":{"start":{"line":403,"column":0},"end":{"line":403,"column":21}},"403":{"start":{"line":404,"column":0},"end":{"line":404,"column":35}},"404":{"start":{"line":405,"column":0},"end":{"line":405,"column":46}},"405":{"start":{"line":406,"column":0},"end":{"line":406,"column":23}},"406":{"start":{"line":407,"column":0},"end":{"line":407,"column":61}},"407":{"start":{"line":408,"column":0},"end":{"line":408,"column":12}},"408":{"start":{"line":409,"column":0},"end":{"line":409,"column":14}},"409":{"start":{"line":410,"column":0},"end":{"line":410,"column":0}},"410":{"start":{"line":411,"column":0},"end":{"line":411,"column":22}},"411":{"start":{"line":412,"column":0},"end":{"line":412,"column":72}},"412":{"start":{"line":413,"column":0},"end":{"line":413,"column":104}},"413":{"start":{"line":414,"column":0},"end":{"line":414,"column":47}},"414":{"start":{"line":415,"column":0},"end":{"line":415,"column":85}},"415":{"start":{"line":416,"column":0},"end":{"line":416,"column":30}},"416":{"start":{"line":417,"column":0},"end":{"line":417,"column":26}},"417":{"start":{"line":418,"column":0},"end":{"line":418,"column":25}},"418":{"start":{"line":419,"column":0},"end":{"line":419,"column":48}},"419":{"start":{"line":420,"column":0},"end":{"line":420,"column":30}},"420":{"start":{"line":421,"column":0},"end":{"line":421,"column":39}},"421":{"start":{"line":422,"column":0},"end":{"line":422,"column":47}},"422":{"start":{"line":423,"column":0},"end":{"line":423,"column":16}},"423":{"start":{"line":424,"column":0},"end":{"line":424,"column":26}},"424":{"start":{"line":425,"column":0},"end":{"line":425,"column":17}},"425":{"start":{"line":426,"column":0},"end":{"line":426,"column":104}},"426":{"start":{"line":427,"column":0},"end":{"line":427,"column":47}},"427":{"start":{"line":428,"column":0},"end":{"line":428,"column":85}},"428":{"start":{"line":429,"column":0},"end":{"line":429,"column":35}},"429":{"start":{"line":430,"column":0},"end":{"line":430,"column":26}},"430":{"start":{"line":431,"column":0},"end":{"line":431,"column":25}},"431":{"start":{"line":432,"column":0},"end":{"line":432,"column":48}},"432":{"start":{"line":433,"column":0},"end":{"line":433,"column":30}},"433":{"start":{"line":434,"column":0},"end":{"line":434,"column":39}},"434":{"start":{"line":435,"column":0},"end":{"line":435,"column":51}},"435":{"start":{"line":436,"column":0},"end":{"line":436,"column":16}},"436":{"start":{"line":437,"column":0},"end":{"line":437,"column":26}},"437":{"start":{"line":438,"column":0},"end":{"line":438,"column":17}},"438":{"start":{"line":439,"column":0},"end":{"line":439,"column":14}},"439":{"start":{"line":440,"column":0},"end":{"line":440,"column":0}},"440":{"start":{"line":441,"column":0},"end":{"line":441,"column":26}},"441":{"start":{"line":442,"column":0},"end":{"line":442,"column":102}},"442":{"start":{"line":443,"column":0},"end":{"line":443,"column":45}},"443":{"start":{"line":444,"column":0},"end":{"line":444,"column":83}},"444":{"start":{"line":445,"column":0},"end":{"line":445,"column":29}},"445":{"start":{"line":446,"column":0},"end":{"line":446,"column":24}},"446":{"start":{"line":447,"column":0},"end":{"line":447,"column":23}},"447":{"start":{"line":448,"column":0},"end":{"line":448,"column":46}},"448":{"start":{"line":449,"column":0},"end":{"line":449,"column":45}},"449":{"start":{"line":450,"column":0},"end":{"line":450,"column":70}},"450":{"start":{"line":451,"column":0},"end":{"line":451,"column":47}},"451":{"start":{"line":452,"column":0},"end":{"line":452,"column":65}},"452":{"start":{"line":453,"column":0},"end":{"line":453,"column":45}},"453":{"start":{"line":454,"column":0},"end":{"line":454,"column":60}},"454":{"start":{"line":455,"column":0},"end":{"line":455,"column":27}},"455":{"start":{"line":456,"column":0},"end":{"line":456,"column":41}},"456":{"start":{"line":457,"column":0},"end":{"line":457,"column":134}},"457":{"start":{"line":458,"column":0},"end":{"line":458,"column":25}},"458":{"start":{"line":459,"column":0},"end":{"line":459,"column":67}},"459":{"start":{"line":460,"column":0},"end":{"line":460,"column":40}},"460":{"start":{"line":461,"column":0},"end":{"line":461,"column":61}},"461":{"start":{"line":462,"column":0},"end":{"line":462,"column":49}},"462":{"start":{"line":463,"column":0},"end":{"line":463,"column":30}},"463":{"start":{"line":464,"column":0},"end":{"line":464,"column":60}},"464":{"start":{"line":465,"column":0},"end":{"line":465,"column":37}},"465":{"start":{"line":466,"column":0},"end":{"line":466,"column":47}},"466":{"start":{"line":467,"column":0},"end":{"line":467,"column":43}},"467":{"start":{"line":468,"column":0},"end":{"line":468,"column":77}},"468":{"start":{"line":469,"column":0},"end":{"line":469,"column":51}},"469":{"start":{"line":470,"column":0},"end":{"line":470,"column":31}},"470":{"start":{"line":471,"column":0},"end":{"line":471,"column":67}},"471":{"start":{"line":472,"column":0},"end":{"line":472,"column":39}},"472":{"start":{"line":473,"column":0},"end":{"line":473,"column":30}},"473":{"start":{"line":474,"column":0},"end":{"line":474,"column":32}},"474":{"start":{"line":475,"column":0},"end":{"line":475,"column":29}},"475":{"start":{"line":476,"column":0},"end":{"line":476,"column":25}},"476":{"start":{"line":477,"column":0},"end":{"line":477,"column":25}},"477":{"start":{"line":478,"column":0},"end":{"line":478,"column":21}},"478":{"start":{"line":479,"column":0},"end":{"line":479,"column":24}},"479":{"start":{"line":480,"column":0},"end":{"line":480,"column":61}},"480":{"start":{"line":481,"column":0},"end":{"line":481,"column":58}},"481":{"start":{"line":482,"column":0},"end":{"line":482,"column":23}},"482":{"start":{"line":483,"column":0},"end":{"line":483,"column":34}},"483":{"start":{"line":484,"column":0},"end":{"line":484,"column":66}},"484":{"start":{"line":485,"column":0},"end":{"line":485,"column":57}},"485":{"start":{"line":486,"column":0},"end":{"line":486,"column":21}},"486":{"start":{"line":487,"column":0},"end":{"line":487,"column":60}},"487":{"start":{"line":488,"column":0},"end":{"line":488,"column":27}},"488":{"start":{"line":489,"column":0},"end":{"line":489,"column":39}},"489":{"start":{"line":490,"column":0},"end":{"line":490,"column":98}},"490":{"start":{"line":491,"column":0},"end":{"line":491,"column":25}},"491":{"start":{"line":492,"column":0},"end":{"line":492,"column":38}},"492":{"start":{"line":493,"column":0},"end":{"line":493,"column":55}},"493":{"start":{"line":494,"column":0},"end":{"line":494,"column":45}},"494":{"start":{"line":495,"column":0},"end":{"line":495,"column":28}},"495":{"start":{"line":496,"column":0},"end":{"line":496,"column":29}},"496":{"start":{"line":497,"column":0},"end":{"line":497,"column":25}},"497":{"start":{"line":498,"column":0},"end":{"line":498,"column":25}},"498":{"start":{"line":499,"column":0},"end":{"line":499,"column":21}},"499":{"start":{"line":500,"column":0},"end":{"line":500,"column":24}},"500":{"start":{"line":501,"column":0},"end":{"line":501,"column":22}},"501":{"start":{"line":502,"column":0},"end":{"line":502,"column":18}},"502":{"start":{"line":503,"column":0},"end":{"line":503,"column":24}},"503":{"start":{"line":504,"column":0},"end":{"line":504,"column":15}},"504":{"start":{"line":505,"column":0},"end":{"line":505,"column":0}},"505":{"start":{"line":506,"column":0},"end":{"line":506,"column":28}},"506":{"start":{"line":507,"column":0},"end":{"line":507,"column":27}},"507":{"start":{"line":508,"column":0},"end":{"line":508,"column":27}},"508":{"start":{"line":509,"column":0},"end":{"line":509,"column":38}},"509":{"start":{"line":510,"column":0},"end":{"line":510,"column":10}},"510":{"start":{"line":511,"column":0},"end":{"line":511,"column":12}},"511":{"start":{"line":512,"column":0},"end":{"line":512,"column":16}},"512":{"start":{"line":513,"column":0},"end":{"line":513,"column":4}},"513":{"start":{"line":514,"column":0},"end":{"line":514,"column":1}},"514":{"start":{"line":515,"column":0},"end":{"line":515,"column":0}},"515":{"start":{"line":516,"column":0},"end":{"line":516,"column":24}},"516":{"start":{"line":517,"column":0},"end":{"line":517,"column":21}},"517":{"start":{"line":518,"column":0},"end":{"line":518,"column":8}},"518":{"start":{"line":519,"column":0},"end":{"line":519,"column":8}},"519":{"start":{"line":520,"column":0},"end":{"line":520,"column":8}},"520":{"start":{"line":521,"column":0},"end":{"line":521,"column":7}},"521":{"start":{"line":522,"column":0},"end":{"line":522,"column":4}},"522":{"start":{"line":523,"column":0},"end":{"line":523,"column":16}},"523":{"start":{"line":524,"column":0},"end":{"line":524,"column":25}},"524":{"start":{"line":525,"column":0},"end":{"line":525,"column":16}},"525":{"start":{"line":526,"column":0},"end":{"line":526,"column":24}},"526":{"start":{"line":527,"column":0},"end":{"line":527,"column":4}},"527":{"start":{"line":528,"column":0},"end":{"line":528,"column":10}},"528":{"start":{"line":529,"column":0},"end":{"line":529,"column":98}},"529":{"start":{"line":530,"column":0},"end":{"line":530,"column":97}},"530":{"start":{"line":531,"column":0},"end":{"line":531,"column":78}},"531":{"start":{"line":532,"column":0},"end":{"line":532,"column":17}},"532":{"start":{"line":533,"column":0},"end":{"line":533,"column":20}},"533":{"start":{"line":534,"column":0},"end":{"line":534,"column":14}},"534":{"start":{"line":535,"column":0},"end":{"line":535,"column":19}},"535":{"start":{"line":536,"column":0},"end":{"line":536,"column":55}},"536":{"start":{"line":537,"column":0},"end":{"line":537,"column":82}},"537":{"start":{"line":538,"column":0},"end":{"line":538,"column":17}},"538":{"start":{"line":539,"column":0},"end":{"line":539,"column":14}},"539":{"start":{"line":540,"column":0},"end":{"line":540,"column":10}},"540":{"start":{"line":541,"column":0},"end":{"line":541,"column":47}},"541":{"start":{"line":542,"column":0},"end":{"line":542,"column":55}},"542":{"start":{"line":543,"column":0},"end":{"line":543,"column":37}},"543":{"start":{"line":544,"column":0},"end":{"line":544,"column":9}},"544":{"start":{"line":545,"column":0},"end":{"line":545,"column":24}},"545":{"start":{"line":546,"column":0},"end":{"line":546,"column":62}},"546":{"start":{"line":547,"column":0},"end":{"line":547,"column":15}},"547":{"start":{"line":548,"column":0},"end":{"line":548,"column":64}},"548":{"start":{"line":549,"column":0},"end":{"line":549,"column":12}},"549":{"start":{"line":550,"column":0},"end":{"line":550,"column":45}},"550":{"start":{"line":551,"column":0},"end":{"line":551,"column":12}},"551":{"start":{"line":552,"column":0},"end":{"line":552,"column":20}},"552":{"start":{"line":553,"column":0},"end":{"line":553,"column":11}},"553":{"start":{"line":554,"column":0},"end":{"line":554,"column":4}},"554":{"start":{"line":555,"column":0},"end":{"line":555,"column":1}}},"s":{"0":1,"1":1,"2":1,"3":1,"4":1,"5":1,"6":1,"7":1,"8":1,"9":1,"10":1,"11":1,"12":1,"13":1,"14":1,"15":1,"16":1,"17":1,"18":1,"19":1,"20":1,"21":1,"22":1,"23":1,"24":1,"25":1,"26":1,"27":1,"28":1,"29":1,"30":1,"31":1,"32":1,"33":1,"34":1,"35":1,"36":1,"37":1,"38":1,"39":1,"40":1,"41":1,"42":1,"43":1,"44":1,"45":1,"46":1,"47":1,"48":1,"49":1,"50":1,"51":1,"52":1,"53":1,"54":1,"55":1,"56":8,"57":8,"58":8,"59":8,"60":8,"61":8,"62":8,"63":8,"64":8,"65":8,"66":8,"67":8,"68":8,"69":8,"70":8,"71":8,"72":14,"73":14,"74":14,"75":14,"76":14,"77":14,"78":14,"79":14,"80":0,"81":0,"82":0,"83":14,"84":14,"85":14,"86":14,"87":14,"88":8,"89":8,"90":8,"91":8,"92":8,"93":14,"94":14,"95":14,"96":14,"97":14,"98":14,"99":14,"100":14,"101":7,"102":7,"103":7,"104":14,"105":14,"106":14,"107":8,"108":8,"109":8,"110":8,"111":8,"112":8,"113":8,"114":8,"115":8,"116":10,"117":10,"118":10,"119":8,"120":8,"121":8,"122":8,"123":8,"124":14,"125":14,"126":14,"127":7,"128":7,"129":14,"130":14,"131":14,"132":14,"133":8,"134":8,"135":8,"136":8,"137":8,"138":10,"139":10,"140":10,"141":0,"142":10,"143":8,"144":8,"145":8,"146":8,"147":8,"148":8,"149":8,"150":8,"151":8,"152":8,"153":8,"154":8,"155":8,"156":8,"157":7,"158":0,"159":0,"160":7,"161":7,"162":7,"163":8,"164":8,"165":8,"166":8,"167":8,"168":8,"169":8,"170":8,"171":8,"172":8,"173":8,"174":8,"175":8,"176":8,"177":8,"178":8,"179":8,"180":8,"181":8,"182":8,"183":8,"184":8,"185":8,"186":8,"187":8,"188":8,"189":8,"190":8,"191":8,"192":8,"193":8,"194":8,"195":8,"196":8,"197":8,"198":8,"199":8,"200":8,"201":8,"202":8,"203":8,"204":8,"205":8,"206":8,"207":8,"208":8,"209":8,"210":8,"211":8,"212":8,"213":8,"214":8,"215":8,"216":8,"217":8,"218":14,"219":14,"220":8,"221":8,"222":8,"223":8,"224":8,"225":8,"226":8,"227":8,"228":8,"229":8,"230":8,"231":8,"232":8,"233":8,"234":8,"235":8,"236":8,"237":8,"238":8,"239":8,"240":8,"241":8,"242":8,"243":8,"244":8,"245":8,"246":8,"247":8,"248":8,"249":8,"250":8,"251":8,"252":8,"253":8,"254":8,"255":8,"256":8,"257":8,"258":8,"259":8,"260":8,"261":8,"262":8,"263":8,"264":8,"265":8,"266":8,"267":8,"268":8,"269":8,"270":8,"271":8,"272":8,"273":8,"274":8,"275":8,"276":8,"277":8,"278":8,"279":8,"280":8,"281":8,"282":8,"283":14,"284":42,"285":14,"286":14,"287":8,"288":8,"289":21,"290":21,"291":21,"292":21,"293":7,"294":14,"295":7,"296":7,"297":8,"298":8,"299":8,"300":8,"301":8,"302":8,"303":8,"304":8,"305":8,"306":8,"307":8,"308":8,"309":8,"310":8,"311":8,"312":8,"313":8,"314":8,"315":8,"316":8,"317":8,"318":8,"319":8,"320":8,"321":8,"322":8,"323":8,"324":8,"325":8,"326":8,"327":8,"328":1,"329":1,"330":1,"331":1,"332":1,"333":1,"334":7,"335":7,"336":7,"337":1,"338":1,"339":1,"340":1,"341":1,"342":1,"343":1,"344":1,"345":1,"346":1,"347":1,"348":1,"349":1,"350":1,"351":1,"352":1,"353":1,"354":1,"355":1,"356":1,"357":1,"358":1,"359":1,"360":1,"361":1,"362":1,"363":1,"364":1,"365":1,"366":1,"367":1,"368":1,"369":1,"370":1,"371":1,"372":1,"373":1,"374":1,"375":1,"376":1,"377":1,"378":7,"379":7,"380":7,"381":7,"382":7,"383":7,"384":7,"385":7,"386":8,"387":8,"388":8,"389":8,"390":8,"391":8,"392":8,"393":8,"394":8,"395":8,"396":8,"397":8,"398":8,"399":8,"400":8,"401":8,"402":8,"403":8,"404":8,"405":8,"406":8,"407":8,"408":8,"409":8,"410":8,"411":8,"412":8,"413":8,"414":8,"415":8,"416":8,"417":8,"418":8,"419":8,"420":8,"421":8,"422":8,"423":8,"424":8,"425":8,"426":8,"427":8,"428":8,"429":8,"430":8,"431":8,"432":8,"433":8,"434":8,"435":8,"436":8,"437":8,"438":8,"439":8,"440":8,"441":8,"442":8,"443":8,"444":8,"445":8,"446":8,"447":8,"448":8,"449":8,"450":8,"451":8,"452":7,"453":7,"454":36,"455":36,"456":36,"457":36,"458":36,"459":36,"460":36,"461":36,"462":36,"463":36,"464":36,"465":36,"466":36,"467":36,"468":36,"469":36,"470":36,"471":36,"472":36,"473":36,"474":36,"475":7,"476":7,"477":8,"478":8,"479":8,"480":8,"481":14,"482":14,"483":14,"484":14,"485":14,"486":14,"487":72,"488":72,"489":72,"490":72,"491":72,"492":72,"493":72,"494":72,"495":72,"496":14,"497":14,"498":8,"499":8,"500":8,"501":8,"502":8,"503":8,"504":8,"505":8,"506":8,"507":8,"508":8,"509":8,"510":8,"511":8,"512":8,"513":8,"514":1,"515":1,"516":28,"517":28,"518":28,"519":28,"520":28,"521":28,"522":28,"523":28,"524":28,"525":28,"526":28,"527":28,"528":28,"529":28,"530":28,"531":28,"532":28,"533":28,"534":28,"535":28,"536":28,"537":28,"538":28,"539":28,"540":28,"541":28,"542":28,"543":28,"544":28,"545":21,"546":7,"547":7,"548":28,"549":28,"550":28,"551":28,"552":28,"553":28,"554":28},"branchMap":{"0":{"type":"branch","line":56,"loc":{"start":{"line":56,"column":7},"end":{"line":514,"column":1}},"locations":[{"start":{"line":56,"column":7},"end":{"line":514,"column":1}}]},"1":{"type":"branch","line":166,"loc":{"start":{"line":166,"column":24},"end":{"line":166,"column":51}},"locations":[{"start":{"line":166,"column":24},"end":{"line":166,"column":51}}]},"2":{"type":"branch","line":166,"loc":{"start":{"line":166,"column":35},"end":{"line":166,"column":59}},"locations":[{"start":{"line":166,"column":35},"end":{"line":166,"column":59}}]},"3":{"type":"branch","line":182,"loc":{"start":{"line":182,"column":15},"end":{"line":182,"column":41}},"locations":[{"start":{"line":182,"column":15},"end":{"line":182,"column":41}}]},"4":{"type":"branch","line":182,"loc":{"start":{"line":182,"column":29},"end":{"line":182,"column":51}},"locations":[{"start":{"line":182,"column":29},"end":{"line":182,"column":51}}]},"5":{"type":"branch","line":183,"loc":{"start":{"line":183,"column":15},"end":{"line":183,"column":41}},"locations":[{"start":{"line":183,"column":15},"end":{"line":183,"column":41}}]},"6":{"type":"branch","line":183,"loc":{"start":{"line":183,"column":29},"end":{"line":183,"column":51}},"locations":[{"start":{"line":183,"column":29},"end":{"line":183,"column":51}}]},"7":{"type":"branch","line":231,"loc":{"start":{"line":231,"column":14},"end":{"line":231,"column":31}},"locations":[{"start":{"line":231,"column":14},"end":{"line":231,"column":31}}]},"8":{"type":"branch","line":231,"loc":{"start":{"line":231,"column":25},"end":{"line":231,"column":35}},"locations":[{"start":{"line":231,"column":25},"end":{"line":231,"column":35}}]},"9":{"type":"branch","line":239,"loc":{"start":{"line":239,"column":23},"end":{"line":239,"column":49}},"locations":[{"start":{"line":239,"column":23},"end":{"line":239,"column":49}}]},"10":{"type":"branch","line":239,"loc":{"start":{"line":239,"column":37},"end":{"line":239,"column":59}},"locations":[{"start":{"line":239,"column":37},"end":{"line":239,"column":59}}]},"11":{"type":"branch","line":241,"loc":{"start":{"line":241,"column":15},"end":{"line":241,"column":41}},"locations":[{"start":{"line":241,"column":15},"end":{"line":241,"column":41}}]},"12":{"type":"branch","line":241,"loc":{"start":{"line":241,"column":29},"end":{"line":241,"column":51}},"locations":[{"start":{"line":241,"column":29},"end":{"line":241,"column":51}}]},"13":{"type":"branch","line":272,"loc":{"start":{"line":272,"column":14},"end":{"line":272,"column":31}},"locations":[{"start":{"line":272,"column":14},"end":{"line":272,"column":31}}]},"14":{"type":"branch","line":272,"loc":{"start":{"line":272,"column":25},"end":{"line":272,"column":35}},"locations":[{"start":{"line":272,"column":25},"end":{"line":272,"column":35}}]},"15":{"type":"branch","line":307,"loc":{"start":{"line":307,"column":23},"end":{"line":307,"column":49}},"locations":[{"start":{"line":307,"column":23},"end":{"line":307,"column":49}}]},"16":{"type":"branch","line":307,"loc":{"start":{"line":307,"column":37},"end":{"line":307,"column":59}},"locations":[{"start":{"line":307,"column":37},"end":{"line":307,"column":59}}]},"17":{"type":"branch","line":309,"loc":{"start":{"line":309,"column":15},"end":{"line":309,"column":41}},"locations":[{"start":{"line":309,"column":15},"end":{"line":309,"column":41}}]},"18":{"type":"branch","line":309,"loc":{"start":{"line":309,"column":29},"end":{"line":309,"column":51}},"locations":[{"start":{"line":309,"column":29},"end":{"line":309,"column":51}}]},"19":{"type":"branch","line":328,"loc":{"start":{"line":328,"column":6},"end":{"line":328,"column":35}},"locations":[{"start":{"line":328,"column":6},"end":{"line":328,"column":35}}]},"20":{"type":"branch","line":328,"loc":{"start":{"line":328,"column":35},"end":{"line":334,"column":3}},"locations":[{"start":{"line":328,"column":35},"end":{"line":334,"column":3}}]},"21":{"type":"branch","line":334,"loc":{"start":{"line":334,"column":2},"end":{"line":387,"column":41}},"locations":[{"start":{"line":334,"column":2},"end":{"line":387,"column":41}}]},"22":{"type":"branch","line":387,"loc":{"start":{"line":387,"column":26},"end":{"line":387,"column":43}},"locations":[{"start":{"line":387,"column":26},"end":{"line":387,"column":43}}]},"23":{"type":"branch","line":393,"loc":{"start":{"line":393,"column":19},"end":{"line":393,"column":40}},"locations":[{"start":{"line":393,"column":19},"end":{"line":393,"column":40}}]},"24":{"type":"branch","line":393,"loc":{"start":{"line":393,"column":26},"end":{"line":393,"column":42}},"locations":[{"start":{"line":393,"column":26},"end":{"line":393,"column":42}}]},"25":{"type":"branch","line":399,"loc":{"start":{"line":399,"column":23},"end":{"line":399,"column":49}},"locations":[{"start":{"line":399,"column":23},"end":{"line":399,"column":49}}]},"26":{"type":"branch","line":399,"loc":{"start":{"line":399,"column":30},"end":{"line":399,"column":52}},"locations":[{"start":{"line":399,"column":30},"end":{"line":399,"column":52}}]},"27":{"type":"branch","line":405,"loc":{"start":{"line":405,"column":19},"end":{"line":405,"column":44}},"locations":[{"start":{"line":405,"column":19},"end":{"line":405,"column":44}}]},"28":{"type":"branch","line":405,"loc":{"start":{"line":405,"column":26},"end":{"line":405,"column":46}},"locations":[{"start":{"line":405,"column":26},"end":{"line":405,"column":46}}]},"29":{"type":"branch","line":72,"loc":{"start":{"line":72,"column":12},"end":{"line":88,"column":14}},"locations":[{"start":{"line":72,"column":12},"end":{"line":88,"column":14}}]},"30":{"type":"branch","line":93,"loc":{"start":{"line":93,"column":12},"end":{"line":107,"column":14}},"locations":[{"start":{"line":93,"column":12},"end":{"line":107,"column":14}}]},"31":{"type":"branch","line":98,"loc":{"start":{"line":98,"column":32},"end":{"line":98,"column":55}},"locations":[{"start":{"line":98,"column":32},"end":{"line":98,"column":55}}]},"32":{"type":"branch","line":98,"loc":{"start":{"line":98,"column":38},"end":{"line":98,"column":72}},"locations":[{"start":{"line":98,"column":38},"end":{"line":98,"column":72}}]},"33":{"type":"branch","line":101,"loc":{"start":{"line":101,"column":31},"end":{"line":102,"column":64}},"locations":[{"start":{"line":101,"column":31},"end":{"line":102,"column":64}}]},"34":{"type":"branch","line":102,"loc":{"start":{"line":102,"column":62},"end":{"line":104,"column":66}},"locations":[{"start":{"line":102,"column":62},"end":{"line":104,"column":66}}]},"35":{"type":"branch","line":112,"loc":{"start":{"line":112,"column":12},"end":{"line":112,"column":38}},"locations":[{"start":{"line":112,"column":12},"end":{"line":112,"column":38}}]},"36":{"type":"branch","line":116,"loc":{"start":{"line":116,"column":12},"end":{"line":119,"column":33}},"locations":[{"start":{"line":116,"column":12},"end":{"line":119,"column":33}}]},"37":{"type":"branch","line":124,"loc":{"start":{"line":124,"column":12},"end":{"line":133,"column":15}},"locations":[{"start":{"line":124,"column":12},"end":{"line":133,"column":15}}]},"38":{"type":"branch","line":127,"loc":{"start":{"line":127,"column":32},"end":{"line":128,"column":44}},"locations":[{"start":{"line":127,"column":32},"end":{"line":128,"column":44}}]},"39":{"type":"branch","line":128,"loc":{"start":{"line":128,"column":16},"end":{"line":129,"column":50}},"locations":[{"start":{"line":128,"column":16},"end":{"line":129,"column":50}}]},"40":{"type":"branch","line":138,"loc":{"start":{"line":138,"column":12},"end":{"line":143,"column":8}},"locations":[{"start":{"line":138,"column":12},"end":{"line":143,"column":8}}]},"41":{"type":"branch","line":141,"loc":{"start":{"line":141,"column":57},"end":{"line":142,"column":20}},"locations":[{"start":{"line":141,"column":57},"end":{"line":142,"column":20}}]},"42":{"type":"branch","line":157,"loc":{"start":{"line":157,"column":12},"end":{"line":164,"column":5}},"locations":[{"start":{"line":157,"column":12},"end":{"line":164,"column":5}}]},"43":{"type":"branch","line":163,"loc":{"start":{"line":163,"column":11},"end":{"line":163,"column":68}},"locations":[{"start":{"line":163,"column":11},"end":{"line":163,"column":68}}]},"44":{"type":"branch","line":218,"loc":{"start":{"line":218,"column":23},"end":{"line":221,"column":9}},"locations":[{"start":{"line":218,"column":23},"end":{"line":221,"column":9}}]},"45":{"type":"branch","line":283,"loc":{"start":{"line":283,"column":22},"end":{"line":288,"column":13}},"locations":[{"start":{"line":283,"column":22},"end":{"line":288,"column":13}}]},"46":{"type":"branch","line":284,"loc":{"start":{"line":284,"column":31},"end":{"line":284,"column":48}},"locations":[{"start":{"line":284,"column":31},"end":{"line":284,"column":48}}]},"47":{"type":"branch","line":284,"loc":{"start":{"line":284,"column":58},"end":{"line":286,"column":13}},"locations":[{"start":{"line":284,"column":58},"end":{"line":286,"column":13}}]},"48":{"type":"branch","line":285,"loc":{"start":{"line":285,"column":39},"end":{"line":285,"column":49}},"locations":[{"start":{"line":285,"column":39},"end":{"line":285,"column":49}}]},"49":{"type":"branch","line":289,"loc":{"start":{"line":289,"column":14},"end":{"line":298,"column":10}},"locations":[{"start":{"line":289,"column":14},"end":{"line":298,"column":10}}]},"50":{"type":"branch","line":293,"loc":{"start":{"line":293,"column":22},"end":{"line":294,"column":39}},"locations":[{"start":{"line":293,"column":22},"end":{"line":294,"column":39}}]},"51":{"type":"branch","line":294,"loc":{"start":{"line":294,"column":27},"end":{"line":297,"column":26}},"locations":[{"start":{"line":294,"column":27},"end":{"line":297,"column":26}}]},"52":{"type":"branch","line":295,"loc":{"start":{"line":295,"column":26},"end":{"line":296,"column":41}},"locations":[{"start":{"line":295,"column":26},"end":{"line":296,"column":41}}]},"53":{"type":"branch","line":296,"loc":{"start":{"line":296,"column":27},"end":{"line":297,"column":26}},"locations":[{"start":{"line":296,"column":27},"end":{"line":297,"column":26}}]},"54":{"type":"branch","line":337,"loc":{"start":{"line":337,"column":25},"end":{"line":378,"column":4}},"locations":[{"start":{"line":337,"column":25},"end":{"line":378,"column":4}}]},"55":{"type":"branch","line":366,"loc":{"start":{"line":366,"column":32},"end":{"line":366,"column":112}},"locations":[{"start":{"line":366,"column":32},"end":{"line":366,"column":112}}]},"56":{"type":"branch","line":368,"loc":{"start":{"line":368,"column":21},"end":{"line":368,"column":122}},"locations":[{"start":{"line":368,"column":21},"end":{"line":368,"column":122}}]},"57":{"type":"branch","line":369,"loc":{"start":{"line":369,"column":36},"end":{"line":369,"column":88}},"locations":[{"start":{"line":369,"column":36},"end":{"line":369,"column":88}}]},"58":{"type":"branch","line":371,"loc":{"start":{"line":371,"column":32},"end":{"line":371,"column":63}},"locations":[{"start":{"line":371,"column":32},"end":{"line":371,"column":63}}]},"59":{"type":"branch","line":372,"loc":{"start":{"line":372,"column":34},"end":{"line":372,"column":69}},"locations":[{"start":{"line":372,"column":34},"end":{"line":372,"column":69}}]},"60":{"type":"branch","line":373,"loc":{"start":{"line":373,"column":34},"end":{"line":373,"column":69}},"locations":[{"start":{"line":373,"column":34},"end":{"line":373,"column":69}}]},"61":{"type":"branch","line":452,"loc":{"start":{"line":452,"column":47},"end":{"line":477,"column":25}},"locations":[{"start":{"line":452,"column":47},"end":{"line":477,"column":25}}]},"62":{"type":"branch","line":454,"loc":{"start":{"line":454,"column":47},"end":{"line":475,"column":29}},"locations":[{"start":{"line":454,"column":47},"end":{"line":475,"column":29}}]},"63":{"type":"branch","line":481,"loc":{"start":{"line":481,"column":48},"end":{"line":498,"column":25}},"locations":[{"start":{"line":481,"column":48},"end":{"line":498,"column":25}}]},"64":{"type":"branch","line":485,"loc":{"start":{"line":485,"column":31},"end":{"line":485,"column":57}},"locations":[{"start":{"line":485,"column":31},"end":{"line":485,"column":57}}]},"65":{"type":"branch","line":487,"loc":{"start":{"line":487,"column":49},"end":{"line":496,"column":29}},"locations":[{"start":{"line":487,"column":49},"end":{"line":496,"column":29}}]},"66":{"type":"branch","line":517,"loc":{"start":{"line":517,"column":0},"end":{"line":555,"column":1}},"locations":[{"start":{"line":517,"column":0},"end":{"line":555,"column":1}}]},"67":{"type":"branch","line":542,"loc":{"start":{"line":542,"column":20},"end":{"line":542,"column":41}},"locations":[{"start":{"line":542,"column":20},"end":{"line":542,"column":41}}]},"68":{"type":"branch","line":542,"loc":{"start":{"line":542,"column":24},"end":{"line":542,"column":55}},"locations":[{"start":{"line":542,"column":24},"end":{"line":542,"column":55}}]},"69":{"type":"branch","line":545,"loc":{"start":{"line":545,"column":19},"end":{"line":546,"column":62}},"locations":[{"start":{"line":545,"column":19},"end":{"line":546,"column":62}}]},"70":{"type":"branch","line":546,"loc":{"start":{"line":546,"column":60},"end":{"line":548,"column":64}},"locations":[{"start":{"line":546,"column":60},"end":{"line":548,"column":64}}]}},"b":{"0":[8],"1":[2],"2":[6],"3":[1],"4":[7],"5":[1],"6":[7],"7":[2],"8":[6],"9":[1],"10":[7],"11":[1],"12":[7],"13":[2],"14":[6],"15":[1],"16":[7],"17":[1],"18":[7],"19":[7],"20":[1],"21":[7],"22":[0],"23":[7],"24":[0],"25":[7],"26":[0],"27":[7],"28":[0],"29":[14],"30":[14],"31":[7],"32":[7],"33":[7],"34":[7],"35":[10],"36":[10],"37":[14],"38":[7],"39":[7],"40":[10],"41":[0],"42":[7],"43":[7],"44":[14],"45":[14],"46":[0],"47":[42],"48":[21],"49":[21],"50":[7],"51":[14],"52":[7],"53":[7],"54":[1],"55":[0],"56":[0],"57":[0],"58":[0],"59":[0],"60":[0],"61":[7],"62":[36],"63":[14],"64":[1],"65":[72],"66":[28],"67":[21],"68":[7],"69":[21],"70":[7]},"fnMap":{"0":{"name":"Dashboard","decl":{"start":{"line":56,"column":7},"end":{"line":514,"column":1}},"loc":{"start":{"line":56,"column":7},"end":{"line":514,"column":1}},"line":56},"1":{"name":"cell","decl":{"start":{"line":72,"column":12},"end":{"line":88,"column":14}},"loc":{"start":{"line":72,"column":12},"end":{"line":88,"col
[...]
:3,"178":3,"179":3,"180":3,"181":3,"182":3,"183":1,"184":1,"185":2,"186":2,"187":2,"188":3,"189":1,"190":1,"191":1,"192":1,"193":3,"194":1,"195":1,"196":3,"197":3,"198":3,"199":3,"200":3,"201":3,"202":3,"203":3,"204":3,"205":3,"206":3,"207":3,"208":3,"209":3,"210":3,"211":3,"212":3,"213":3,"214":3,"215":3,"216":1,"217":2,"218":3,"219":3,"220":3,"221":3,"222":3,"223":1,"224":1,"225":3,"226":3,"227":3,"228":3,"229":3,"230":3,"231":2,"232":1,"233":1,"234":1,"235":1,"236":1,"237":1,"238":1,"239":1,"240":1},"branchMap":{"0":{"type":"branch","line":115,"loc":{"start":{"line":115,"column":27},"end":{"line":128,"column":2}},"locations":[{"start":{"line":115,"column":27},"end":{"line":128,"column":2}}]},"1":{"type":"branch","line":117,"loc":{"start":{"line":117,"column":46},"end":{"line":120,"column":3}},"locations":[{"start":{"line":117,"column":46},"end":{"line":120,"column":3}}]},"2":{"type":"branch","line":120,"loc":{"start":{"line":120,"column":2},"end":{"line":124,"column":20}},"locations":[{"start":{"line":120,"column":2},"end":{"line":124,"column":20}}]},"3":{"type":"branch","line":124,"loc":{"start":{"line":124,"column":20},"end":{"line":128,"column":2}},"locations":[{"start":{"line":124,"column":20},"end":{"line":128,"column":2}}]},"4":{"type":"branch","line":118,"loc":{"start":{"line":118,"column":22},"end":{"line":118,"column":59}},"locations":[{"start":{"line":118,"column":22},"end":{"line":118,"column":59}}]},"5":{"type":"branch","line":130,"loc":{"start":{"line":130,"column":28},"end":{"line":157,"column":2}},"locations":[{"start":{"line":130,"column":28},"end":{"line":157,"column":2}}]},"6":{"type":"branch","line":132,"loc":{"start":{"line":132,"column":46},"end":{"line":149,"column":3}},"locations":[{"start":{"line":132,"column":46},"end":{"line":149,"column":3}}]},"7":{"type":"branch","line":149,"loc":{"start":{"line":149,"column":2},"end":{"line":153,"column":20}},"locations":[{"start":{"line":149,"column":2},"end":{"line":153,"column":20}}]},"8":{"type":"branch","line":153,"loc":{"start":{"line":153,"column":20},"end":{"line":157,"column":2}},"locations":[{"start":{"line":153,"column":20},"end":{"line":157,"column":2}}]},"9":{"type":"branch","line":133,"loc":{"start":{"line":133,"column":22},"end":{"line":133,"column":59}},"locations":[{"start":{"line":133,"column":22},"end":{"line":133,"column":59}}]},"10":{"type":"branch","line":136,"loc":{"start":{"line":136,"column":41},"end":{"line":136,"column":73}},"locations":[{"start":{"line":136,"column":41},"end":{"line":136,"column":73}}]},"11":{"type":"branch","line":137,"loc":{"start":{"line":137,"column":40},"end":{"line":137,"column":72}},"locations":[{"start":{"line":137,"column":40},"end":{"line":137,"column":72}}]},"12":{"type":"branch","line":139,"loc":{"start":{"line":139,"column":41},"end":{"line":139,"column":74}},"locations":[{"start":{"line":139,"column":41},"end":{"line":139,"column":74}}]},"13":{"type":"branch","line":142,"loc":{"start":{"line":142,"column":30},"end":{"line":142,"column":71}},"locations":[{"start":{"line":142,"column":30},"end":{"line":142,"column":71}}]},"14":{"type":"branch","line":145,"loc":{"start":{"line":145,"column":8},"end":{"line":145,"column":47}},"locations":[{"start":{"line":145,"column":8},"end":{"line":145,"column":47}}]},"15":{"type":"branch","line":160,"loc":{"start":{"line":160,"column":30},"end":{"line":194,"column":2}},"locations":[{"start":{"line":160,"column":30},"end":{"line":194,"column":2}}]},"16":{"type":"branch","line":183,"loc":{"start":{"line":183,"column":22},"end":{"line":185,"column":5}},"locations":[{"start":{"line":183,"column":22},"end":{"line":185,"column":5}}]},"17":{"type":"branch","line":185,"loc":{"start":{"line":185,"column":4},"end":{"line":189,"column":11}},"locations":[{"start":{"line":185,"column":4},"end":{"line":189,"column":11}}]},"18":{"type":"branch","line":189,"loc":{"start":{"line":189,"column":2},"end":{"line":193,"column":3}},"locations":[{"start":{"line":189,"column":2},"end":{"line":193,"column":3}}]},"19":{"type":"branch","line":174,"loc":{"start":{"line":174,"column":11},"end":{"line":174,"column":42}},"locations":[{"start":{"line":174,"column":11},"end":{"line":174,"column":42}}]},"20":{"type":"branch","line":196,"loc":{"start":{"line":196,"column":26},"end":{"line":223,"column":2}},"locations":[{"start":{"line":196,"column":26},"end":{"line":223,"column":2}}]},"21":{"type":"branch","line":203,"loc":{"start":{"line":203,"column":52},"end":{"line":203,"column":76}},"locations":[{"start":{"line":203,"column":52},"end":{"line":203,"column":76}}]},"22":{"type":"branch","line":216,"loc":{"start":{"line":216,"column":23},"end":{"line":217,"column":72}},"locations":[{"start":{"line":216,"column":23},"end":{"line":217,"column":72}}]},"23":{"type":"branch","line":217,"loc":{"start":{"line":217,"column":71},"end":{"line":218,"column":18}},"locations":[{"start":{"line":217,"column":71},"end":{"line":218,"column":18}}]},"24":{"type":"branch","line":199,"loc":{"start":{"line":199,"column":20},"end":{"line":199,"column":57}},"locations":[{"start":{"line":199,"column":20},"end":{"line":199,"column":57}}]},"25":{"type":"branch","line":225,"loc":{"start":{"line":225,"column":27},"end":{"line":241,"column":2}},"locations":[{"start":{"line":225,"column":27},"end":{"line":241,"column":2}}]},"26":{"type":"branch","line":231,"loc":{"start":{"line":231,"column":20},"end":{"line":238,"column":3}},"locations":[{"start":{"line":231,"column":20},"end":{"line":238,"column":3}}]},"27":{"type":"branch","line":232,"loc":{"start":{"line":232,"column":33},"end":{"line":238,"column":3}},"locations":[{"start":{"line":232,"column":33},"end":{"line":238,"column":3}}]},"28":{"type":"branch","line":238,"loc":{"start":{"line":238,"column":2},"end":{"line":241,"column":2}},"locations":[{"start":{"line":238,"column":2},"end":{"line":241,"column":2}}]}},"b":{"0":[3],"1":[1],"2":[2],"3":[1],"4":[1],"5":[3],"6":[1],"7":[2],"8":[1],"9":[1],"10":[2],"11":[2],"12":[2],"13":[2],"14":[2],"15":[3],"16":[1],"17":[2],"18":[1],"19":[12],"20":[3],"21":[2],"22":[1],"23":[2],"24":[3],"25":[3],"26":[2],"27":[1],"28":[1]},"fnMap":{"0":{"name":"getUserUrls","decl":{"start":{"line":115,"column":27},"end":{"line":128,"column":2}},"loc":{"start":{"line":115,"column":27},"end":{"line":128,"column":2}},"line":115},"1":{"name":"getUserStats","decl":{"start":{"line":130,"column":28},"end":{"line":157,"column":2}},"loc":{"start":{"line":130,"column":28},"end":{"line":157,"column":2}},"line":130},"2":{"name":"totalUrls","decl":{"start":{"line":133,"column":22},"end":{"line":133,"column":59}},"loc":{"start":{"line":133,"column":22},"end":{"line":133,"column":59}},"line":133},"3":{"name":"checkUrlSafety","decl":{"start":{"line":160,"column":30},"end":{"line":194,"column":2}},"loc":{"start":{"line":160,"column":30},"end":{"line":194,"column":2}},"line":160},"4":{"name":"shortenUrl","decl":{"start":{"line":196,"column":26},"end":{"line":223,"column":2}},"loc":{"start":{"line":196,"column":26},"end":{"line":223,"column":2}},"line":196},"5":{"name":"updateAlias","decl":{"start":{"line":225,"column":27},"end":{"line":241,"column":2}},"loc":{"start":{"line":225,"column":27},"end":{"line":241,"column":2}},"line":225}},"f":{"0":3,"1":3,"2":1,"3":3,"4":3,"5":3}}
,"/Users/ericchien/Desktop/2025 Spring/539 Software Development Methodology/URLShortener/frontend/src/lib/utils.ts": {"path":"/Users/ericchien/Desktop/2025 Spring/539 Software Development Methodology/URLShortener/frontend/src/lib/utils.ts","all":false,"statementMap":{"0":{"start":{"line":1,"column":0},"end":{"line":1,"column":45}},"1":{"start":{"line":2,"column":0},"end":{"line":2,"column":41}},"2":{"start":{"line":3,"column":0},"end":{"line":3,"column":0}},"3":{"start":{"line":4,"column":0},"end":{"line":4,"column":45}},"4":{"start":{"line":5,"column":0},"end":{"line":5,"column":31}},"5":{"start":{"line":6,"column":0},"end":{"line":6,"column":1}}},"s":{"0":1,"1":1,"2":1,"3":1,"4":1473,"5":1473},"branchMap":{"0":{"type":"branch","line":4,"loc":{"start":{"line":4,"column":7},"end":{"line":6,"column":1}},"locations":[{"start":{"line":4,"column":7},"end":{"line":6,"column":1}}]}},"b":{"0":[1473]},"fnMap":{"0":{"name":"cn","decl":{"start":{"line":4,"column":7},"end":{"line":6,"column":1}},"loc":{"start":{"line":4,"column":7},"end":{"line":6,"column":1}},"line":4}},"f":{"0":1473}}
,"/Users/ericchien/Desktop/2025 Spring/539 Software Development Methodology/URLShortener/frontend/src/test/mock-data.ts": {"path":"/Users/ericchien/Desktop/2025 Spring/539 Software Development Methodology/URLShortener/frontend/src/test/mock-data.ts","all":false,"statementMap":{"0":{"start":{"line":1,"column":0},"end":{"line":1,"column":25}},"1":{"start":{"line":2,"column":0},"end":{"line":2,"column":10}},"2":{"start":{"line":3,"column":0},"end":{"line":3,"column":32}},"3":{"start":{"line":4,"column":0},"end":{"line":4,"column":20}},"4":{"start":{"line":5,"column":0},"end":{"line":5,"column":40}},"5":{"start":{"line":6,"column":0},"end":{"line":6,"column":19}},"6":{"start":{"line":7,"column":0},"end":{"line":7,"column":2}},"7":{"start":{"line":8,"column":0},"end":{"line":8,"column":0}},"8":{"start":{"line":9,"column":0},"end":{"line":9,"column":32}},"9":{"start":{"line":10,"column":0},"end":{"line":10,"column":17}},"10":{"start":{"line":11,"column":0},"end":{"line":11,"column":21}},"11":{"start":{"line":12,"column":0},"end":{"line":12,"column":24}},"12":{"start":{"line":13,"column":0},"end":{"line":13,"column":27}},"13":{"start":{"line":14,"column":0},"end":{"line":14,"column":2}},"14":{"start":{"line":15,"column":0},"end":{"line":15,"column":0}},"15":{"start":{"line":16,"column":0},"end":{"line":16,"column":32}},"16":{"start":{"line":17,"column":0},"end":{"line":17,"column":3}},"17":{"start":{"line":18,"column":0},"end":{"line":18,"column":12}},"18":{"start":{"line":19,"column":0},"end":{"line":19,"column":18}},"19":{"start":{"line":20,"column":0},"end":{"line":20,"column":31}},"20":{"start":{"line":21,"column":0},"end":{"line":21,"column":31}},"21":{"start":{"line":22,"column":0},"end":{"line":22,"column":32}},"22":{"start":{"line":23,"column":0},"end":{"line":23,"column":29}},"23":{"start":{"line":24,"column":0},"end":{"line":24,"column":4}},"24":{"start":{"line":25,"column":0},"end":{"line":25,"column":3}},"25":{"start":{"line":26,"column":0},"end":{"line":26,"column":12}},"26":{"start":{"line":27,"column":0},"end":{"line":27,"column":20}},"27":{"start":{"line":28,"column":0},"end":{"line":28,"column":31}},"28":{"start":{"line":29,"column":0},"end":{"line":29,"column":31}},"29":{"start":{"line":30,"column":0},"end":{"line":30,"column":33}},"30":{"start":{"line":31,"column":0},"end":{"line":31,"column":30}},"31":{"start":{"line":32,"column":0},"end":{"line":32,"column":4}},"32":{"start":{"line":33,"column":0},"end":{"line":33,"column":2}}},"s":{"0":1,"1":1,"2":1,"3":1,"4":1,"5":1,"6":1,"7":1,"8":1,"9":1,"10":1,"11":1,"12":1,"13":1,"14":1,"15":1,"16":1,"17":1,"18":1,"19":1,"20":1,"21":1,"22":1,"23":1,"24":1,"25":1,"26":1,"27":1,"28":1,"29":1,"30":1,"31":1,"32":1},"branchMap":{},"b":{},"fnMap":{},"f":{}}
,"/Users/ericchien/Desktop/2025 Spring/539 Software Development Methodology/URLShortener/frontend/src/test/setup.ts": {"path":"/Users/ericchien/Desktop/2025 Spring/539 Software Development Methodology/URLShortener/frontend/src/test/setup.ts","all":true,"statementMap":{"0":{"start":{"line":1,"column":0},"end":{"line":1,"column":35}},"1":{"start":{"line":2,"column":0},"end":{"line":2,"column":43}},"2":{"start":{"line":3,"column":0},"end":{"line":3,"column":49}},"3":{"start":{"line":4,"column":0},"end":{"line":4,"column":63}},"4":{"start":{"line":5,"column":0},"end":{"line":5,"column":0}},"5":{"start":{"line":6,"column":0},"end":{"line":6,"column":48}},"6":{"start":{"line":7,"column":0},"end":{"line":7,"column":31}},"7":{"start":{"line":8,"column":0},"end":{"line":8,"column":0}},"8":{"start":{"line":9,"column":0},"end":{"line":9,"column":17}},"9":{"start":{"line":10,"column":0},"end":{"line":10,"column":12}},"10":{"start":{"line":11,"column":0},"end":{"line":11,"column":3}}},"s":{"0":0,"1":0,"2":0,"3":0,"4":0,"5":0,"6":0,"7":0,"8":0,"9":0,"10":0},"branchMap":{"0":{"type":"branch","line":1,"loc":{"start":{"line":1,"column":311},"end":{"line":11,"column":3}},"locations":[{"start":{"line":1,"column":311},"end":{"line":11,"column":3}}]}},"b":{"0":[0]},"fnMap":{"0":{"name":"(empty-report)","decl":{"start":{"line":1,"column":311},"end":{"line":11,"column":3}},"loc":{"start":{"line":1,"column":311},"end":{"line":11,"column":3}},"line":1}},"f":{"0":0}}
,"/Users/ericchien/Desktop/2025 Spring/539 Software Development Methodology/URLShortener/frontend/src/test/test-utils.tsx": {"path":"/Users/ericchien/Desktop/2025 Spring/539 Software Development Methodology/URLShortener/frontend/src/test/test-utils.tsx","all":false,"statementMap":{"0":{"start":{"line":1,"column":0},"end":{"line":1,"column":48}},"1":{"start":{"line":2,"column":0},"end":{"line":2,"column":48}},"2":{"start":{"line":3,"column":0},"end":{"line":3,"column":56}},"3":{"start":{"line":4,"column":0},"end":{"line":4,"column":58}},"4":{"start":{"line":5,"column":0},"end":{"line":5,"column":48}},"5":{"start":{"line":6,"column":0},"end":{"line":6,"column":58}},"6":{"start":{"line":7,"column":0},"end":{"line":7,"column":0}},"7":{"start":{"line":8,"column":0},"end":{"line":8,"column":26}},"8":{"start":{"line":9,"column":0},"end":{"line":9,"column":11}},"9":{"start":{"line":10,"column":0},"end":{"line":10,"column":14}},"10":{"start":{"line":11,"column":0},"end":{"line":11,"column":4}},"11":{"start":{"line":12,"column":0},"end":{"line":12,"column":22}},"12":{"start":{"line":13,"column":0},"end":{"line":13,"column":17}},"13":{"start":{"line":14,"column":0},"end":{"line":14,"column":7}},"14":{"start":{"line":15,"column":0},"end":{"line":15,"column":10}},"15":{"start":{"line":16,"column":0},"end":{"line":16,"column":43}},"16":{"start":{"line":17,"column":0},"end":{"line":17,"column":53}},"17":{"start":{"line":18,"column":0},"end":{"line":18,"column":23}},"18":{"start":{"line":19,"column":0},"end":{"line":19,"column":49}},"19":{"start":{"line":20,"column":0},"end":{"line":20,"column":24}},"20":{"start":{"line":21,"column":0},"end":{"line":21,"column":28}},"21":{"start":{"line":22,"column":0},"end":{"line":22,"column":19}},"22":{"start":{"line":23,"column":0},"end":{"line":23,"column":4}},"23":{"start":{"line":24,"column":0},"end":{"line":24,"column":2}},"24":{"start":{"line":25,"column":0},"end":{"line":25,"column":0}},"25":{"start":{"line":26,"column":0},"end":{"line":26,"column":25}},"26":{"start":{"line":27,"column":0},"end":{"line":27,"column":17}},"27":{"start":{"line":28,"column":0},"end":{"line":28,"column":1}},"28":{"start":{"line":29,"column":0},"end":{"line":29,"column":0}},"29":{"start":{"line":30,"column":0},"end":{"line":30,"column":73}},"30":{"start":{"line":31,"column":0},"end":{"line":31,"column":34}},"31":{"start":{"line":32,"column":0},"end":{"line":32,"column":0}},"32":{"start":{"line":33,"column":0},"end":{"line":33,"column":21}},"33":{"start":{"line":34,"column":0},"end":{"line":34,"column":32}},"34":{"start":{"line":35,"column":0},"end":{"line":35,"column":65}},"35":{"start":{"line":36,"column":0},"end":{"line":36,"column":6}},"36":{"start":{"line":37,"column":0},"end":{"line":37,"column":5}},"37":{"start":{"line":38,"column":0},"end":{"line":38,"column":2}},"38":{"start":{"line":39,"column":0},"end":{"line":39,"column":0}},"39":{"start":{"line":40,"column":0},"end":{"line":40,"column":23}},"40":{"start":{"line":41,"column":0},"end":{"line":41,"column":39}},"41":{"start":{"line":42,"column":0},"end":{"line":42,"column":0}},"42":{"start":{"line":43,"column":0},"end":{"line":43,"column":25}},"43":{"start":{"line":44,"column":0},"end":{"line":44,"column":34}}},"s":{"0":1,"1":1,"2":1,"3":1,"4":1,"5":1,"6":1,"7":1,"8":18,"9":18,"10":18,"11":18,"12":18,"13":18,"14":18,"15":18,"16":18,"17":18,"18":18,"19":18,"20":18,"21":18,"22":18,"23":18,"24":1,"25":1,"26":1,"27":1,"28":1,"29":1,"30":18,"31":18,"32":18,"33":18,"34":18,"35":18,"36":18,"37":18,"38":1,"39":1,"40":1,"41":1,"42":1,"43":1},"branchMap":{"0":{"type":"branch","line":8,"loc":{"start":{"line":8,"column":24},"end":{"line":24,"column":2}},"locations":[{"start":{"line":8,"column":24},"end":{"line":24,"column":2}}]},"1":{"type":"branch","line":30,"loc":{"start":{"line":30,"column":21},"end":{"line":38,"column":2}},"locations":[{"start":{"line":30,"column":21},"end":{"line":38,"column":2}}]},"2":{"type":"branch","line":34,"loc":{"start":{"line":34,"column":13},"end":{"line":35,"column":65}},"locations":[{"start":{"line":34,"column":13},"end":{"line":35,"column":65}}]}},"b":{"0":[18],"1":[18],"2":[18]},"fnMap":{"0":{"name":"AllTheProviders","decl":{"start":{"line":8,"column":24},"end":{"line":24,"column":2}},"loc":{"start":{"line":8,"column":24},"end":{"line":24,"column":2}},"line":8},"1":{"name":"customRender","decl":{"start":{"line":30,"column":21},"end":{"line":38,"column":2}},"loc":{"start":{"line":30,"column":21},"end":{"line":38,"column":2}},"line":30},"2":{"name":"wrapper","decl":{"start":{"line":34,"column":13},"end":{"line":35,"column":65}},"loc":{"start":{"line":34,"column":13},"end":{"line":35,"column":65}},"line":34}},"f":{"0":18,"1":18,"2":18}}
,"/Users/ericchien/Desktop/2025 Spring/539 Software Development Methodology/URLShortener/frontend/src/test-utils/wrapper.tsx": {"path":"/Users/ericchien/Desktop/2025 Spring/539 Software Development Methodology/URLShortener/frontend/src/test-utils/wrapper.tsx","all":false,"statementMap":{"0":{"start":{"line":1,"column":0},"end":{"line":1,"column":26}},"1":{"start":{"line":2,"column":0},"end":{"line":2,"column":49}},"2":{"start":{"line":3,"column":0},"end":{"line":3,"column":58}},"3":{"start":{"line":4,"column":0},"end":{"line":4,"column":0}},"4":{"start":{"line":5,"column":0},"end":{"line":5,"column":3}},"5":{"start":{"line":6,"column":0},"end":{"line":6,"column":80}},"6":{"start":{"line":7,"column":0},"end":{"line":7,"column":17}},"7":{"start":{"line":8,"column":0},"end":{"line":8,"column":38}},"8":{"start":{"line":9,"column":0},"end":{"line":9,"column":32}},"9":{"start":{"line":10,"column":0},"end":{"line":10,"column":3}},"10":{"start":{"line":11,"column":0},"end":{"line":11,"column":74}},"11":{"start":{"line":12,"column":0},"end":{"line":12,"column":10}},"12":{"start":{"line":13,"column":0},"end":{"line":13,"column":19}},"13":{"start":{"line":14,"column":0},"end":{"line":14,"column":47}},"14":{"start":{"line":15,"column":0},"end":{"line":15,"column":20}},"15":{"start":{"line":16,"column":0},"end":{"line":16,"column":4}},"16":{"start":{"line":17,"column":0},"end":{"line":17,"column":1}},"17":{"start":{"line":18,"column":0},"end":{"line":18,"column":0}},"18":{"start":{"line":19,"column":0},"end":{"line":19,"column":3}},"19":{"start":{"line":20,"column":0},"end":{"line":20,"column":70}},"20":{"start":{"line":21,"column":0},"end":{"line":21,"column":72}},"21":{"start":{"line":22,"column":0},"end":{"line":22,"column":3}},"22":{"start":{"line":23,"column":0},"end":{"line":23,"column":61}},"23":{"start":{"line":24,"column":0},"end":{"line":24,"column":41}},"24":{"start":{"line":25,"column":0},"end":{"line":25,"column":1}}},"s":{"0":1,"1":1,"2":1,"3":1,"4":1,"5":1,"6":1,"7":1,"8":1,"9":1,"10":1,"11":9,"12":9,"13":9,"14":9,"15":9,"16":9,"17":1,"18":1,"19":1,"20":1,"21":1,"22":1,"23":0,"24":0},"branchMap":{"0":{"type":"branch","line":11,"loc":{"start":{"line":11,"column":7},"end":{"line":17,"column":1}},"locations":[{"start":{"line":11,"column":7},"end":{"line":17,"column":1}}]}},"b":{"0":[9]},"fnMap":{"0":{"name":"TestWrapper","decl":{"start":{"line":11,"column":7},"end":{"line":17,"column":1}},"loc":{"start":{"line":11,"column":7},"end":{"line":17,"column":1}},"line":11},"1":{"name":"renderWithProviders","decl":{"start":{"line":23,"column":7},"end":{"line":25,"column":1}},"loc":{"start":{"line":23,"column":7},"end":{"line":25,"column":1}},"line":23}},"f":{"0":9,"1":0}}
}
